#
# There is insufficient memory for the Java Runtime Environment to continue.
# Native memory allocation (malloc) failed to allocate 1049536 bytes for Chunk::new
# Possible reasons:
#   The system is out of physical RAM or swap space
#   The process is running with CompressedOops enabled, and the Java Heap may be blocking the growth of the native heap
# Possible solutions:
#   Reduce memory load on the system
#   Increase physical memory or swap space
#   Check if swap backing store is full
#   Decrease Java heap size (-Xmx/-Xms)
#   Decrease number of Java threads
#   Decrease Java thread stack sizes (-Xss)
#   Set larger code cache with -XX:ReservedCodeCacheSize=
#   JVM is running with Unscaled Compressed Oops mode in which the Java heap is
#     placed in the first 4GB address space. The Java Heap base address is the
#     maximum limit for the native heap growth. Please use -XX:HeapBaseMinAddress
#     to set the Java Heap base and to place the Java Heap above 4GB virtual address.
# This output file may be truncated or incomplete.
#
#  Out of Memory Error (src/hotspot/share/memory/arena.cpp:197), pid=54252, tid=24756
#
# JRE version: OpenJDK Runtime Environment (11.0.15) (build 11.0.15+0-b2043.56-9505619)
# Java VM: OpenJDK 64-Bit Server VM (11.0.15+0-b2043.56-9505619, mixed mode, tiered, compressed oops, g1 gc, windows-amd64)
# No core dump will be written. Minidumps are not enabled by default on client versions of Windows
#

---------------  S U M M A R Y ------------

Command Line: --add-opens=java.base/java.util=ALL-UNNAMED --add-opens=java.base/java.lang=ALL-UNNAMED --add-opens=java.base/java.lang.invoke=ALL-UNNAMED --add-opens=java.base/java.util=ALL-UNNAMED --add-opens=java.prefs/java.util.prefs=ALL-UNNAMED --add-opens=java.prefs/java.util.prefs=ALL-UNNAMED --add-opens=java.base/java.nio.charset=ALL-UNNAMED --add-opens=java.base/java.net=ALL-UNNAMED --add-opens=java.base/java.util.concurrent.atomic=ALL-UNNAMED -Xmx2048m -Dfile.encoding=UTF-8 -Duser.country=ZA -Duser.language=en -Duser.variant org.gradle.launcher.daemon.bootstrap.GradleDaemon 7.5

Host: Intel(R) Core(TM) i5-8250U CPU @ 1.60GHz, 8 cores, 7G,  Windows 11 , 64 bit Build 22621 (10.0.22621.1485)
Time: Mon May  8 07:55:52 2023 South Africa Standard Time elapsed time: 44.720507 seconds (0d 0h 0m 44s)

---------------  T H R E A D  ---------------

Current thread (0x0000021a99b0b800):  JavaThread "C2 CompilerThread0" daemon [_thread_in_native, id=24756, stack(0x000000e508900000,0x000000e508a00000)]


Current CompileTask:
C2:  44720 11091       4       java.lang.Class::annotationData (44 bytes)

Stack: [0x000000e508900000,0x000000e508a00000]
Native frames: (J=compiled Java code, j=interpreted, Vv=VM code, C=native code)
V  [jvm.dll+0x64135a]
V  [jvm.dll+0x7d39f9]
V  [jvm.dll+0x7d51b9]
V  [jvm.dll+0x7d58a3]
V  [jvm.dll+0x2691c5]
V  [jvm.dll+0xc1a5c]
V  [jvm.dll+0xc200c]
V  [jvm.dll+0x2da2c2]
V  [jvm.dll+0x54cad9]
V  [jvm.dll+0x22a011]
V  [jvm.dll+0x223809]
V  [jvm.dll+0x220384]
V  [jvm.dll+0x19e851]
V  [jvm.dll+0x230479]
V  [jvm.dll+0x22e5ef]
V  [jvm.dll+0x794de1]
V  [jvm.dll+0x78dc24]
V  [jvm.dll+0x6400f6]
C  [ucrtbase.dll+0x29363]
C  [KERNEL32.DLL+0x1269d]
C  [ntdll.dll+0x5a9f8]


---------------  P R O C E S S  ---------------

Threads class SMR info:
_java_thread_list=0x0000021aa0acdec0, length=132, elements={
0x0000021afed8d800, 0x0000021a99ab1800, 0x0000021a99ab4000, 0x0000021a99b04000,
0x0000021a99b06800, 0x0000021a99b09800, 0x0000021a99b0b800, 0x0000021a99b13800,
0x0000021a99295000, 0x0000021a99c63800, 0x0000021a99c62000, 0x0000021a99c64800,
0x0000021a99c5f800, 0x0000021a99c61000, 0x0000021a99c65000, 0x0000021a99c66000,
0x0000021a99c62800, 0x0000021a99c60800, 0x0000021a9b413800, 0x0000021a9b417800,
0x0000021a9b415000, 0x0000021a9b414000, 0x0000021a9b411800, 0x0000021a9b416000,
0x0000021a9b416800, 0x0000021a9b418800, 0x0000021a9b412800, 0x0000021a9b41b800,
0x0000021a9b41a000, 0x0000021a9b41c800, 0x0000021a9b41a800, 0x0000021a9b41d000,
0x0000021a9b41e000, 0x0000021a9e1ae800, 0x0000021a9e1af000, 0x0000021a9e1b1000,
0x0000021a9e1b0000, 0x0000021a9e1ac000, 0x0000021a9e1b1800, 0x0000021a9e1b2800,
0x0000021a9e1ac800, 0x0000021a9e1b3000, 0x0000021a9e1ad800, 0x0000021a9e1b6800,
0x0000021a9e1b4000, 0x0000021a9e1b9800, 0x0000021a9e1b5800, 0x0000021a9e1b7800,
0x0000021a9e1b8000, 0x0000021a9e1ba800, 0x0000021a9e1b9000, 0x0000021a9e1b5000,
0x0000021a9bd0b000, 0x0000021a9bd0e000, 0x0000021a9bd0f000, 0x0000021a9bd09000,
0x0000021a9bd0b800, 0x0000021a9bd0f800, 0x0000021a9bd0a000, 0x0000021a9bd10800,
0x0000021a9bd11800, 0x0000021a9bd12000, 0x0000021a9bd0c800, 0x0000021a9bd13000,
0x0000021a9bd0d800, 0x0000021a9bd14000, 0x0000021a9bd16000, 0x0000021a9bd14800,
0x0000021a9bd15800, 0x0000021a9bd17000, 0x0000021a9bd18000, 0x0000021a9bc0c800,
0x0000021a9bc0e000, 0x0000021a9bc12000, 0x0000021a9bc0f800, 0x0000021a9bc13000,
0x0000021a9bc11000, 0x0000021a9bc10800, 0x0000021a9bc0d000, 0x0000021a9bc13800,
0x0000021a9bc14800, 0x0000021a9bc0e800, 0x0000021a9bc18800, 0x0000021a9bc1a000,
0x0000021a9bc15800, 0x0000021a9bc16000, 0x0000021a9bc17800, 0x0000021a9bc17000,
0x0000021a9bc19800, 0x0000021a9bc1b000, 0x0000021a9be98800, 0x0000021a9be95000,
0x0000021a9be96000, 0x0000021a9be99000, 0x0000021a9be93800, 0x0000021a9be9a000,
0x0000021a9be97800, 0x0000021a9be96800, 0x0000021a9be94000, 0x0000021a9bea0800,
0x0000021a9be9e000, 0x0000021a9be9a800, 0x0000021a9be9c800, 0x0000021a9be9d000,
0x0000021a9be9f000, 0x0000021a9be9f800, 0x0000021a9bea1800, 0x0000021a9be9b800,
0x0000021a9bea2000, 0x0000021a9c7a5800, 0x0000021a9c7a5000, 0x0000021a9c7a0000,
0x0000021a9c7a3800, 0x0000021a9c7a1800, 0x0000021a9c7a4000, 0x0000021a9c7a6800,
0x0000021a9c7a1000, 0x0000021a9c7a8000, 0x0000021a9c7a2800, 0x0000021a9c7ab800,
0x0000021a9c7ac000, 0x0000021a9c7a7800, 0x0000021a9c7aa800, 0x0000021a9c7aa000,
0x0000021a9c7ae000, 0x0000021a9c7a9000, 0x0000021a9c7ae800, 0x0000021aa09e7000,
0x0000021aa09e8000, 0x0000021aa09e5800, 0x0000021aa09e9000, 0x0000021aa09e4000
}

Java Threads: ( => current thread )
  0x0000021afed8d800 JavaThread "main" [_thread_blocked, id=37084, stack(0x000000e507d00000,0x000000e507e00000)]
  0x0000021a99ab1800 JavaThread "Reference Handler" daemon [_thread_blocked, id=21268, stack(0x000000e508400000,0x000000e508500000)]
  0x0000021a99ab4000 JavaThread "Finalizer" daemon [_thread_blocked, id=39064, stack(0x000000e508500000,0x000000e508600000)]
  0x0000021a99b04000 JavaThread "Signal Dispatcher" daemon [_thread_blocked, id=56016, stack(0x000000e508600000,0x000000e508700000)]
  0x0000021a99b06800 JavaThread "Attach Listener" daemon [_thread_blocked, id=58992, stack(0x000000e508700000,0x000000e508800000)]
  0x0000021a99b09800 JavaThread "Service Thread" daemon [_thread_blocked, id=33144, stack(0x000000e508800000,0x000000e508900000)]
=>0x0000021a99b0b800 JavaThread "C2 CompilerThread0" daemon [_thread_in_native, id=24756, stack(0x000000e508900000,0x000000e508a00000)]
  0x0000021a99b13800 JavaThread "C1 CompilerThread0" daemon [_thread_in_native, id=45964, stack(0x000000e508a00000,0x000000e508b00000)]
  0x0000021a99295000 JavaThread "Sweeper thread" daemon [_thread_blocked, id=53536, stack(0x000000e508b00000,0x000000e508c00000)]
  0x0000021a99c63800 JavaThread "Common-Cleaner" daemon [_thread_blocked, id=26660, stack(0x000000e508c00000,0x000000e508d00000)]
  0x0000021a99c62000 JavaThread "Daemon health stats" [_thread_blocked, id=49792, stack(0x000000e509000000,0x000000e509100000)]
  0x0000021a99c64800 JavaThread "Incoming local TCP Connector on port 55935" [_thread_in_native, id=63860, stack(0x000000e509100000,0x000000e509200000)]
  0x0000021a99c5f800 JavaThread "Daemon periodic checks" [_thread_blocked, id=33556, stack(0x000000e509200000,0x000000e509300000)]
  0x0000021a99c61000 JavaThread "Daemon" [_thread_blocked, id=15356, stack(0x000000e509300000,0x000000e509400000)]
  0x0000021a99c65000 JavaThread "Handler for socket connection from /127.0.0.1:55935 to /127.0.0.1:55936" [_thread_in_native, id=62084, stack(0x000000e509400000,0x000000e509500000)]
  0x0000021a99c66000 JavaThread "Cancel handler" [_thread_blocked, id=33128, stack(0x000000e509500000,0x000000e509600000)]
  0x0000021a99c62800 JavaThread "Daemon worker" [_thread_in_Java, id=8408, stack(0x000000e509600000,0x000000e509700000)]
  0x0000021a99c60800 JavaThread "Asynchronous log dispatcher for DefaultDaemonConnection: socket connection from /127.0.0.1:55935 to /127.0.0.1:55936" [_thread_in_native, id=55472, stack(0x000000e509700000,0x000000e509800000)]
  0x0000021a9b413800 JavaThread "Stdin handler" [_thread_blocked, id=33456, stack(0x000000e509800000,0x000000e509900000)]
  0x0000021a9b417800 JavaThread "Daemon client event forwarder" [_thread_blocked, id=25500, stack(0x000000e509900000,0x000000e509a00000)]
  0x0000021a9b415000 JavaThread "Cache worker for journal cache (C:\Users\lebol\.gradle\caches\journal-1)" [_thread_blocked, id=31216, stack(0x000000e509a00000,0x000000e509b00000)]
  0x0000021a9b414000 JavaThread "File lock request listener" [_thread_in_native, id=9332, stack(0x000000e50a000000,0x000000e50a100000)]
  0x0000021a9b411800 JavaThread "Cache worker for file hash cache (C:\Users\lebol\.gradle\caches\7.5\fileHashes)" [_thread_blocked, id=34792, stack(0x000000e50a100000,0x000000e50a200000)]
  0x0000021a9b416000 JavaThread "File watcher server" daemon [_thread_in_native, id=23556, stack(0x000000e50a300000,0x000000e50a400000)]
  0x0000021a9b416800 JavaThread "File watcher consumer" daemon [_thread_blocked, id=6564, stack(0x000000e50a400000,0x000000e50a500000)]
  0x0000021a9b418800 JavaThread "Cache worker for checksums cache (C:\Users\lebol\AndroidStudioProjects\DonationApp\.gradle\7.5\checksums)" [_thread_blocked, id=56632, stack(0x000000e50a500000,0x000000e50a600000)]
  0x0000021a9b412800 JavaThread "Cache worker for cache directory md-rule (C:\Users\lebol\.gradle\caches\7.5\md-rule)" [_thread_blocked, id=57516, stack(0x000000e50a600000,0x000000e50a700000)]
  0x0000021a9b41b800 JavaThread "Cache worker for file content cache (C:\Users\lebol\.gradle\caches\7.5\fileContent)" [_thread_blocked, id=51400, stack(0x000000e50a700000,0x000000e50a800000)]
  0x0000021a9b41a000 JavaThread "Cache worker for file hash cache (C:\Users\lebol\AndroidStudioProjects\DonationApp\.gradle\7.5\fileHashes)" [_thread_blocked, id=50844, stack(0x000000e50a800000,0x000000e50a900000)]
  0x0000021a9b41c800 JavaThread "Cache worker for cache directory md-supplier (C:\Users\lebol\.gradle\caches\7.5\md-supplier)" [_thread_blocked, id=63136, stack(0x000000e50a900000,0x000000e50aa00000)]
  0x0000021a9b41a800 JavaThread "Cache worker for execution history cache (C:\Users\lebol\.gradle\caches\7.5\executionHistory)" [_thread_blocked, id=58656, stack(0x000000e50aa00000,0x000000e50ab00000)]
  0x0000021a9b41d000 JavaThread "jar transforms" [_thread_blocked, id=65456, stack(0x000000e50ab00000,0x000000e50ac00000)]
  0x0000021a9b41e000 JavaThread "jar transforms Thread 2" [_thread_blocked, id=57968, stack(0x000000e50ac00000,0x000000e50ad00000)]
  0x0000021a9e1ae800 JavaThread "jar transforms Thread 3" [_thread_blocked, id=43028, stack(0x000000e50ad00000,0x000000e50ae00000)]
  0x0000021a9e1af000 JavaThread "jar transforms Thread 4" [_thread_blocked, id=63368, stack(0x000000e50ae00000,0x000000e50af00000)]
  0x0000021a9e1b1000 JavaThread "Cache worker for dependencies-accessors (C:\Users\lebol\AndroidStudioProjects\DonationApp\.gradle\7.5\dependencies-accessors)" [_thread_blocked, id=41576, stack(0x000000e50af00000,0x000000e50b000000)]
  0x0000021a9e1b0000 JavaThread "jar transforms Thread 5" [_thread_blocked, id=43296, stack(0x000000e50b000000,0x000000e50b100000)]
  0x0000021a9e1ac000 JavaThread "Cache worker for Build Output Cleanup Cache (C:\Users\lebol\AndroidStudioProjects\DonationApp\.gradle\buildOutputCleanup)" [_thread_blocked, id=65036, stack(0x000000e50b100000,0x000000e50b200000)]
  0x0000021a9e1b1800 JavaThread "Unconstrained build operations" [_thread_blocked, id=45576, stack(0x000000e50b200000,0x000000e50b300000)]
  0x0000021a9e1b2800 JavaThread "Unconstrained build operations Thread 2" [_thread_blocked, id=17008, stack(0x000000e50b300000,0x000000e50b400000)]
  0x0000021a9e1ac800 JavaThread "Unconstrained build operations Thread 3" [_thread_blocked, id=61168, stack(0x000000e50b400000,0x000000e50b500000)]
  0x0000021a9e1b3000 JavaThread "Unconstrained build operations Thread 4" [_thread_blocked, id=37784, stack(0x000000e50b500000,0x000000e50b600000)]
  0x0000021a9e1ad800 JavaThread "Unconstrained build operations Thread 5" [_thread_blocked, id=55000, stack(0x000000e50b600000,0x000000e50b700000)]
  0x0000021a9e1b6800 JavaThread "Unconstrained build operations Thread 6" [_thread_blocked, id=51056, stack(0x000000e50b700000,0x000000e50b800000)]
  0x0000021a9e1b4000 JavaThread "Unconstrained build operations Thread 7" [_thread_blocked, id=38720, stack(0x000000e50b800000,0x000000e50b900000)]
  0x0000021a9e1b9800 JavaThread "Unconstrained build operations Thread 8" [_thread_blocked, id=58444, stack(0x000000e50b900000,0x000000e50ba00000)]
  0x0000021a9e1b5800 JavaThread "Unconstrained build operations Thread 9" [_thread_blocked, id=54736, stack(0x000000e50ba00000,0x000000e50bb00000)]
  0x0000021a9e1b7800 JavaThread "Unconstrained build operations Thread 10" [_thread_blocked, id=30688, stack(0x000000e50bb00000,0x000000e50bc00000)]
  0x0000021a9e1b8000 JavaThread "Unconstrained build operations Thread 11" [_thread_blocked, id=55052, stack(0x000000e50bc00000,0x000000e50bd00000)]
  0x0000021a9e1ba800 JavaThread "Unconstrained build operations Thread 12" [_thread_blocked, id=57764, stack(0x000000e50bd00000,0x000000e50be00000)]
  0x0000021a9e1b9000 JavaThread "Unconstrained build operations Thread 13" [_thread_blocked, id=58704, stack(0x000000e50be00000,0x000000e50bf00000)]
  0x0000021a9e1b5000 JavaThread "Unconstrained build operations Thread 14" [_thread_blocked, id=50928, stack(0x000000e50bf00000,0x000000e50c000000)]
  0x0000021a9bd0b000 JavaThread "Unconstrained build operations Thread 15" [_thread_blocked, id=63724, stack(0x000000e50c000000,0x000000e50c100000)]
  0x0000021a9bd0e000 JavaThread "Unconstrained build operations Thread 16" [_thread_blocked, id=37976, stack(0x000000e50c100000,0x000000e50c200000)]
  0x0000021a9bd0f000 JavaThread "Unconstrained build operations Thread 17" [_thread_blocked, id=59524, stack(0x000000e50c200000,0x000000e50c300000)]
  0x0000021a9bd09000 JavaThread "Unconstrained build operations Thread 18" [_thread_blocked, id=35372, stack(0x000000e50c300000,0x000000e50c400000)]
  0x0000021a9bd0b800 JavaThread "Unconstrained build operations Thread 19" [_thread_blocked, id=59208, stack(0x000000e50c400000,0x000000e50c500000)]
  0x0000021a9bd0f800 JavaThread "Unconstrained build operations Thread 20" [_thread_blocked, id=29812, stack(0x000000e50c500000,0x000000e50c600000)]
  0x0000021a9bd0a000 JavaThread "Unconstrained build operations Thread 21" [_thread_blocked, id=59940, stack(0x000000e50c600000,0x000000e50c700000)]
  0x0000021a9bd10800 JavaThread "Unconstrained build operations Thread 22" [_thread_blocked, id=60632, stack(0x000000e50c700000,0x000000e50c800000)]
  0x0000021a9bd11800 JavaThread "Unconstrained build operations Thread 23" [_thread_blocked, id=34024, stack(0x000000e50c800000,0x000000e50c900000)]
  0x0000021a9bd12000 JavaThread "Unconstrained build operations Thread 24" [_thread_blocked, id=56884, stack(0x000000e50c900000,0x000000e50ca00000)]
  0x0000021a9bd0c800 JavaThread "Unconstrained build operations Thread 25" [_thread_blocked, id=30500, stack(0x000000e50ca00000,0x000000e50cb00000)]
  0x0000021a9bd13000 JavaThread "Unconstrained build operations Thread 26" [_thread_blocked, id=45120, stack(0x000000e50cb00000,0x000000e50cc00000)]
  0x0000021a9bd0d800 JavaThread "Unconstrained build operations Thread 27" [_thread_blocked, id=25816, stack(0x000000e50cc00000,0x000000e50cd00000)]
  0x0000021a9bd14000 JavaThread "Unconstrained build operations Thread 28" [_thread_blocked, id=61888, stack(0x000000e50cd00000,0x000000e50ce00000)]
  0x0000021a9bd16000 JavaThread "Unconstrained build operations Thread 29" [_thread_blocked, id=59236, stack(0x000000e50ce00000,0x000000e50cf00000)]
  0x0000021a9bd14800 JavaThread "Unconstrained build operations Thread 30" [_thread_blocked, id=63524, stack(0x000000e50cf00000,0x000000e50d000000)]
  0x0000021a9bd15800 JavaThread "Unconstrained build operations Thread 31" [_thread_blocked, id=48460, stack(0x000000e50d000000,0x000000e50d100000)]
  0x0000021a9bd17000 JavaThread "Unconstrained build operations Thread 32" [_thread_blocked, id=65156, stack(0x000000e50d100000,0x000000e50d200000)]
  0x0000021a9bd18000 JavaThread "Unconstrained build operations Thread 33" [_thread_blocked, id=49668, stack(0x000000e50d200000,0x000000e50d300000)]
  0x0000021a9bc0c800 JavaThread "Unconstrained build operations Thread 34" [_thread_blocked, id=64712, stack(0x000000e50d300000,0x000000e50d400000)]
  0x0000021a9bc0e000 JavaThread "Unconstrained build operations Thread 35" [_thread_blocked, id=63120, stack(0x000000e50d400000,0x000000e50d500000)]
  0x0000021a9bc12000 JavaThread "Unconstrained build operations Thread 36" [_thread_blocked, id=62924, stack(0x000000e50d500000,0x000000e50d600000)]
  0x0000021a9bc0f800 JavaThread "Unconstrained build operations Thread 37" [_thread_blocked, id=26872, stack(0x000000e50d600000,0x000000e50d700000)]
  0x0000021a9bc13000 JavaThread "Unconstrained build operations Thread 38" [_thread_blocked, id=27512, stack(0x000000e50d700000,0x000000e50d800000)]
  0x0000021a9bc11000 JavaThread "Unconstrained build operations Thread 39" [_thread_blocked, id=35272, stack(0x000000e50d800000,0x000000e50d900000)]
  0x0000021a9bc10800 JavaThread "Unconstrained build operations Thread 40" [_thread_blocked, id=56192, stack(0x000000e50d900000,0x000000e50da00000)]
  0x0000021a9bc0d000 JavaThread "Unconstrained build operations Thread 41" [_thread_blocked, id=53820, stack(0x000000e50da00000,0x000000e50db00000)]
  0x0000021a9bc13800 JavaThread "Unconstrained build operations Thread 42" [_thread_blocked, id=54948, stack(0x000000e50db00000,0x000000e50dc00000)]
  0x0000021a9bc14800 JavaThread "Unconstrained build operations Thread 43" [_thread_blocked, id=41680, stack(0x000000e50dc00000,0x000000e50dd00000)]
  0x0000021a9bc0e800 JavaThread "Unconstrained build operations Thread 44" [_thread_blocked, id=10540, stack(0x000000e50dd00000,0x000000e50de00000)]
  0x0000021a9bc18800 JavaThread "Unconstrained build operations Thread 45" [_thread_blocked, id=47724, stack(0x000000e50de00000,0x000000e50df00000)]
  0x0000021a9bc1a000 JavaThread "Unconstrained build operations Thread 46" [_thread_blocked, id=56360, stack(0x000000e50df00000,0x000000e50e000000)]
  0x0000021a9bc15800 JavaThread "Unconstrained build operations Thread 47" [_thread_blocked, id=49688, stack(0x000000e50e000000,0x000000e50e100000)]
  0x0000021a9bc16000 JavaThread "Unconstrained build operations Thread 48" [_thread_blocked, id=64644, stack(0x000000e50e100000,0x000000e50e200000)]
  0x0000021a9bc17800 JavaThread "Unconstrained build operations Thread 49" [_thread_blocked, id=56628, stack(0x000000e50e200000,0x000000e50e300000)]
  0x0000021a9bc17000 JavaThread "Unconstrained build operations Thread 50" [_thread_blocked, id=60996, stack(0x000000e50e300000,0x000000e50e400000)]
  0x0000021a9bc19800 JavaThread "Unconstrained build operations Thread 51" [_thread_blocked, id=56832, stack(0x000000e50e400000,0x000000e50e500000)]
  0x0000021a9bc1b000 JavaThread "Unconstrained build operations Thread 52" [_thread_blocked, id=56872, stack(0x000000e50e500000,0x000000e50e600000)]
  0x0000021a9be98800 JavaThread "Unconstrained build operations Thread 53" [_thread_blocked, id=49356, stack(0x000000e50e600000,0x000000e50e700000)]
  0x0000021a9be95000 JavaThread "Unconstrained build operations Thread 54" [_thread_blocked, id=3672, stack(0x000000e50e700000,0x000000e50e800000)]
  0x0000021a9be96000 JavaThread "Unconstrained build operations Thread 55" [_thread_blocked, id=21948, stack(0x000000e50e800000,0x000000e50e900000)]
  0x0000021a9be99000 JavaThread "Unconstrained build operations Thread 56" [_thread_blocked, id=10400, stack(0x000000e50e900000,0x000000e50ea00000)]
  0x0000021a9be93800 JavaThread "Unconstrained build operations Thread 57" [_thread_blocked, id=57812, stack(0x000000e50ea00000,0x000000e50eb00000)]
  0x0000021a9be9a000 JavaThread "Unconstrained build operations Thread 58" [_thread_blocked, id=59736, stack(0x000000e50eb00000,0x000000e50ec00000)]
  0x0000021a9be97800 JavaThread "Unconstrained build operations Thread 59" [_thread_blocked, id=19932, stack(0x000000e50ec00000,0x000000e50ed00000)]
  0x0000021a9be96800 JavaThread "Unconstrained build operations Thread 60" [_thread_blocked, id=57672, stack(0x000000e50ed00000,0x000000e50ee00000)]
  0x0000021a9be94000 JavaThread "Unconstrained build operations Thread 61" [_thread_blocked, id=46880, stack(0x000000e50ee00000,0x000000e50ef00000)]
  0x0000021a9bea0800 JavaThread "Unconstrained build operations Thread 62" [_thread_blocked, id=6932, stack(0x000000e50ef00000,0x000000e50f000000)]
  0x0000021a9be9e000 JavaThread "Unconstrained build operations Thread 63" [_thread_blocked, id=61008, stack(0x000000e50f000000,0x000000e50f100000)]
  0x0000021a9be9a800 JavaThread "Unconstrained build operations Thread 64" [_thread_blocked, id=60520, stack(0x000000e50f100000,0x000000e50f200000)]
  0x0000021a9be9c800 JavaThread "Unconstrained build operations Thread 65" [_thread_blocked, id=64296, stack(0x000000e50f200000,0x000000e50f300000)]
  0x0000021a9be9d000 JavaThread "Unconstrained build operations Thread 66" [_thread_blocked, id=20300, stack(0x000000e50f300000,0x000000e50f400000)]
  0x0000021a9be9f000 JavaThread "Unconstrained build operations Thread 67" [_thread_blocked, id=30892, stack(0x000000e50f400000,0x000000e50f500000)]
  0x0000021a9be9f800 JavaThread "Unconstrained build operations Thread 68" [_thread_blocked, id=19372, stack(0x000000e50f500000,0x000000e50f600000)]
  0x0000021a9bea1800 JavaThread "Unconstrained build operations Thread 69" [_thread_blocked, id=54908, stack(0x000000e50f600000,0x000000e50f700000)]
  0x0000021a9be9b800 JavaThread "Unconstrained build operations Thread 70" [_thread_blocked, id=45824, stack(0x000000e50f700000,0x000000e50f800000)]
  0x0000021a9bea2000 JavaThread "Unconstrained build operations Thread 71" [_thread_blocked, id=62624, stack(0x000000e50f800000,0x000000e50f900000)]
  0x0000021a9c7a5800 JavaThread "Unconstrained build operations Thread 72" [_thread_blocked, id=21060, stack(0x000000e50f900000,0x000000e50fa00000)]
  0x0000021a9c7a5000 JavaThread "Unconstrained build operations Thread 73" [_thread_blocked, id=54424, stack(0x000000e50fa00000,0x000000e50fb00000)]
  0x0000021a9c7a0000 JavaThread "Unconstrained build operations Thread 74" [_thread_blocked, id=62184, stack(0x000000e50fb00000,0x000000e50fc00000)]
  0x0000021a9c7a3800 JavaThread "Unconstrained build operations Thread 75" [_thread_blocked, id=55588, stack(0x000000e50fc00000,0x000000e50fd00000)]
  0x0000021a9c7a1800 JavaThread "Unconstrained build operations Thread 76" [_thread_blocked, id=57016, stack(0x000000e50fd00000,0x000000e50fe00000)]
  0x0000021a9c7a4000 JavaThread "Unconstrained build operations Thread 77" [_thread_blocked, id=27428, stack(0x000000e50fe00000,0x000000e50ff00000)]
  0x0000021a9c7a6800 JavaThread "Unconstrained build operations Thread 78" [_thread_blocked, id=33340, stack(0x000000e50ff00000,0x000000e510000000)]
  0x0000021a9c7a1000 JavaThread "Unconstrained build operations Thread 79" [_thread_blocked, id=59348, stack(0x000000e510000000,0x000000e510100000)]
  0x0000021a9c7a8000 JavaThread "Unconstrained build operations Thread 80" [_thread_blocked, id=58868, stack(0x000000e510100000,0x000000e510200000)]
  0x0000021a9c7a2800 JavaThread "jar transforms Thread 6" [_thread_blocked, id=58076, stack(0x000000e510200000,0x000000e510300000)]
  0x0000021a9c7ab800 JavaThread "jar transforms Thread 7" [_thread_blocked, id=60620, stack(0x000000e510300000,0x000000e510400000)]
  0x0000021a9c7ac000 JavaThread "jar transforms Thread 8" [_thread_blocked, id=41312, stack(0x000000e510400000,0x000000e510500000)]
  0x0000021a9c7a7800 JavaThread "Memory manager" [_thread_blocked, id=62772, stack(0x000000e510600000,0x000000e510700000)]
  0x0000021a9c7aa800 JavaThread "included builds" [_thread_blocked, id=48404, stack(0x000000e510700000,0x000000e510800000)]
  0x0000021a9c7aa000 JavaThread "Execution worker" [_thread_blocked, id=22896, stack(0x000000e510800000,0x000000e510900000)]
  0x0000021a9c7ae000 JavaThread "Execution worker Thread 2" [_thread_blocked, id=22440, stack(0x000000e510900000,0x000000e510a00000)]
  0x0000021a9c7a9000 JavaThread "Execution worker Thread 3" [_thread_blocked, id=20948, stack(0x000000e510a00000,0x000000e510b00000)]
  0x0000021a9c7ae800 JavaThread "Execution worker Thread 4" [_thread_blocked, id=23656, stack(0x000000e510b00000,0x000000e510c00000)]
  0x0000021aa09e7000 JavaThread "Execution worker Thread 5" [_thread_blocked, id=55492, stack(0x000000e510c00000,0x000000e510d00000)]
  0x0000021aa09e8000 JavaThread "Execution worker Thread 6" [_thread_blocked, id=55792, stack(0x000000e510d00000,0x000000e510e00000)]
  0x0000021aa09e5800 JavaThread "Execution worker Thread 7" [_thread_blocked, id=26764, stack(0x000000e510e00000,0x000000e510f00000)]
  0x0000021aa09e9000 JavaThread "Cache worker for execution history cache (C:\Users\lebol\AndroidStudioProjects\DonationApp\.gradle\7.5\executionHistory)" [_thread_blocked, id=51112, stack(0x000000e510f00000,0x000000e511000000)]
  0x0000021aa09e4000 JavaThread "WorkerExecutor Queue" [_thread_blocked, id=57028, stack(0x000000e511000000,0x000000e511100000)]

Other Threads:
  0x0000021a99282800 VMThread "VM Thread" [stack: 0x000000e508300000,0x000000e508400000] [id=18300]
  0x0000021a99c89800 WatcherThread [stack: 0x000000e508d00000,0x000000e508e00000] [id=61364]
  0x0000021afeda7000 GCTaskThread "GC Thread#0" [stack: 0x000000e507e00000,0x000000e507f00000] [id=59516]
  0x0000021a9a853000 GCTaskThread "GC Thread#1" [stack: 0x000000e508e00000,0x000000e508f00000] [id=46592]
  0x0000021a9a82e800 GCTaskThread "GC Thread#2" [stack: 0x000000e508f00000,0x000000e509000000] [id=54112]
  0x0000021a9a1b7000 GCTaskThread "GC Thread#3" [stack: 0x000000e509b00000,0x000000e509c00000] [id=63992]
  0x0000021a9a1ba000 GCTaskThread "GC Thread#4" [stack: 0x000000e509c00000,0x000000e509d00000] [id=37640]
  0x0000021a9b6d8000 GCTaskThread "GC Thread#5" [stack: 0x000000e509d00000,0x000000e509e00000] [id=59080]
  0x0000021a9acf0800 GCTaskThread "GC Thread#6" [stack: 0x000000e509e00000,0x000000e509f00000] [id=35192]
  0x0000021a9af61800 GCTaskThread "GC Thread#7" [stack: 0x000000e509f00000,0x000000e50a000000] [id=41464]
  0x0000021afedd8000 ConcurrentGCThread "G1 Main Marker" [stack: 0x000000e507f00000,0x000000e508000000] [id=60424]
  0x0000021afedda000 ConcurrentGCThread "G1 Conc#0" [stack: 0x000000e508000000,0x000000e508100000] [id=27192]
  0x0000021a9ab9a000 ConcurrentGCThread "G1 Conc#1" [stack: 0x000000e50a200000,0x000000e50a300000] [id=55560]
  0x0000021afee5d800 ConcurrentGCThread "G1 Refine#0" [stack: 0x000000e508100000,0x000000e508200000] [id=62880]
  0x0000021a990d2800 ConcurrentGCThread "G1 Young RemSet Sampling" [stack: 0x000000e508200000,0x000000e508300000] [id=61612]

Threads with active compile tasks:
C2 CompilerThread0    44800 11091       4       java.lang.Class::annotationData (44 bytes)
C1 CompilerThread0    44800 11351       2       org.gradle.internal.logging.text.AbstractLineChoppingStyledTextOutput$3::execute (9 bytes)

VM state:not at safepoint (normal execution)

VM Mutex/Monitor currently owned by a thread:  ([mutex/lock_event])
[0x0000021afed891e0] CodeCache_lock - owner thread: 0x0000000000000000
[0x0000021afed8ad70] CompiledIC_lock - owner thread: 0x0000021a99c62800

Heap address: 0x0000000080000000, size: 2048 MB, Compressed Oops mode: 32-bit
Narrow klass base: 0x0000000000000000, Narrow klass shift: 3
Compressed class space size: 1073741824 Address: 0x0000000100000000

Heap:
 garbage-first heap   total 187392K, used 134973K [0x0000000080000000, 0x0000000100000000)
  region size 1024K, 54 young (55296K), 7 survivors (7168K)
 Metaspace       used 90959K, capacity 93783K, committed 93992K, reserved 1130496K
  class space    used 11883K, capacity 12948K, committed 13080K, reserved 1048576K
Heap Regions: E=young(eden), S=young(survivor), O=old, HS=humongous(starts), HC=humongous(continues), CS=collection set, F=free, A=archive, TAMS=top-at-mark-start (previous, next)
|   0|0x0000000080000000, 0x0000000080100000, 0x0000000080100000|100%| O|  |TAMS 0x0000000080100000, 0x0000000080000000| Untracked 
|   1|0x0000000080100000, 0x0000000080200000, 0x0000000080200000|100%| O|  |TAMS 0x0000000080200000, 0x0000000080100000| Untracked 
|   2|0x0000000080200000, 0x0000000080300000, 0x0000000080300000|100%| O|  |TAMS 0x0000000080300000, 0x0000000080200000| Untracked 
|   3|0x0000000080300000, 0x0000000080400000, 0x0000000080400000|100%|HS|  |TAMS 0x0000000080400000, 0x0000000080300000| Complete 
|   4|0x0000000080400000, 0x0000000080500000, 0x0000000080500000|100%|HC|  |TAMS 0x0000000080500000, 0x0000000080400000| Complete 
|   5|0x0000000080500000, 0x0000000080600000, 0x0000000080600000|100%|HC|  |TAMS 0x0000000080600000, 0x0000000080500000| Complete 
|   6|0x0000000080600000, 0x0000000080700000, 0x0000000080700000|100%| O|  |TAMS 0x0000000080700000, 0x0000000080600000| Untracked 
|   7|0x0000000080700000, 0x0000000080800000, 0x0000000080800000|100%| O|  |TAMS 0x0000000080800000, 0x0000000080700000| Untracked 
|   8|0x0000000080800000, 0x0000000080900000, 0x0000000080900000|100%| O|  |TAMS 0x0000000080900000, 0x0000000080800000| Untracked 
|   9|0x0000000080900000, 0x0000000080a00000, 0x0000000080a00000|100%| O|  |TAMS 0x0000000080a00000, 0x0000000080900000| Untracked 
|  10|0x0000000080a00000, 0x0000000080b00000, 0x0000000080b00000|100%| O|  |TAMS 0x0000000080b00000, 0x0000000080a00000| Untracked 
|  11|0x0000000080b00000, 0x0000000080c00000, 0x0000000080c00000|100%| O|  |TAMS 0x0000000080c00000, 0x0000000080b00000| Untracked 
|  12|0x0000000080c00000, 0x0000000080d00000, 0x0000000080d00000|100%| O|  |TAMS 0x0000000080d00000, 0x0000000080c00000| Untracked 
|  13|0x0000000080d00000, 0x0000000080e00000, 0x0000000080e00000|100%| O|  |TAMS 0x0000000080e00000, 0x0000000080d00000| Untracked 
|  14|0x0000000080e00000, 0x0000000080f00000, 0x0000000080f00000|100%| O|  |TAMS 0x0000000080f00000, 0x0000000080e00000| Untracked 
|  15|0x0000000080f00000, 0x0000000081000000, 0x0000000081000000|100%| O|  |TAMS 0x0000000081000000, 0x0000000080f00000| Untracked 
|  16|0x0000000081000000, 0x0000000081100000, 0x0000000081100000|100%| O|  |TAMS 0x0000000081100000, 0x0000000081000000| Untracked 
|  17|0x0000000081100000, 0x0000000081200000, 0x0000000081200000|100%| O|  |TAMS 0x0000000081200000, 0x0000000081100000| Untracked 
|  18|0x0000000081200000, 0x0000000081300000, 0x0000000081300000|100%| O|  |TAMS 0x0000000081300000, 0x0000000081200000| Untracked 
|  19|0x0000000081300000, 0x0000000081400000, 0x0000000081400000|100%| O|  |TAMS 0x0000000081400000, 0x0000000081300000| Untracked 
|  20|0x0000000081400000, 0x0000000081500000, 0x0000000081500000|100%| O|  |TAMS 0x0000000081500000, 0x0000000081400000| Untracked 
|  21|0x0000000081500000, 0x0000000081600000, 0x0000000081600000|100%| O|  |TAMS 0x0000000081600000, 0x0000000081500000| Untracked 
|  22|0x0000000081600000, 0x0000000081700000, 0x0000000081700000|100%| O|  |TAMS 0x0000000081700000, 0x0000000081600000| Untracked 
|  23|0x0000000081700000, 0x0000000081800000, 0x0000000081800000|100%| O|  |TAMS 0x0000000081800000, 0x0000000081700000| Untracked 
|  24|0x0000000081800000, 0x0000000081900000, 0x0000000081900000|100%| O|  |TAMS 0x0000000081900000, 0x0000000081800000| Untracked 
|  25|0x0000000081900000, 0x0000000081a00000, 0x0000000081a00000|100%| O|  |TAMS 0x0000000081a00000, 0x0000000081900000| Untracked 
|  26|0x0000000081a00000, 0x0000000081b00000, 0x0000000081b00000|100%|HS|  |TAMS 0x0000000081b00000, 0x0000000081a00000| Complete 
|  27|0x0000000081b00000, 0x0000000081c00000, 0x0000000081c00000|100%|HS|  |TAMS 0x0000000081c00000, 0x0000000081b00000| Complete 
|  28|0x0000000081c00000, 0x0000000081d00000, 0x0000000081d00000|100%| O|  |TAMS 0x0000000081d00000, 0x0000000081c00000| Untracked 
|  29|0x0000000081d00000, 0x0000000081e00000, 0x0000000081e00000|100%| O|  |TAMS 0x0000000081e00000, 0x0000000081d00000| Untracked 
|  30|0x0000000081e00000, 0x0000000081f00000, 0x0000000081f00000|100%| O|  |TAMS 0x0000000081f00000, 0x0000000081e00000| Untracked 
|  31|0x0000000081f00000, 0x0000000082000000, 0x0000000082000000|100%| O|  |TAMS 0x0000000082000000, 0x0000000081f00000| Untracked 
|  32|0x0000000082000000, 0x0000000082100000, 0x0000000082100000|100%| O|  |TAMS 0x0000000082100000, 0x0000000082000000| Untracked 
|  33|0x0000000082100000, 0x0000000082200000, 0x0000000082200000|100%| O|  |TAMS 0x0000000082200000, 0x0000000082100000| Untracked 
|  34|0x0000000082200000, 0x0000000082300000, 0x0000000082300000|100%| O|  |TAMS 0x0000000082300000, 0x0000000082200000| Untracked 
|  35|0x0000000082300000, 0x0000000082400000, 0x0000000082400000|100%| O|  |TAMS 0x0000000082400000, 0x0000000082300000| Untracked 
|  36|0x0000000082400000, 0x0000000082500000, 0x0000000082500000|100%| O|  |TAMS 0x0000000082500000, 0x0000000082400000| Untracked 
|  37|0x0000000082500000, 0x0000000082600000, 0x0000000082600000|100%| O|  |TAMS 0x0000000082600000, 0x0000000082500000| Untracked 
|  38|0x0000000082600000, 0x0000000082700000, 0x0000000082700000|100%| O|  |TAMS 0x0000000082700000, 0x0000000082600000| Untracked 
|  39|0x0000000082700000, 0x0000000082800000, 0x0000000082800000|100%| O|  |TAMS 0x0000000082800000, 0x0000000082700000| Untracked 
|  40|0x0000000082800000, 0x0000000082900000, 0x0000000082900000|100%| O|  |TAMS 0x0000000082900000, 0x0000000082800000| Untracked 
|  41|0x0000000082900000, 0x0000000082a00000, 0x0000000082a00000|100%| O|  |TAMS 0x0000000082a00000, 0x0000000082900000| Untracked 
|  42|0x0000000082a00000, 0x0000000082b00000, 0x0000000082b00000|100%| O|  |TAMS 0x0000000082b00000, 0x0000000082a00000| Untracked 
|  43|0x0000000082b00000, 0x0000000082c00000, 0x0000000082c00000|100%| O|  |TAMS 0x0000000082c00000, 0x0000000082b00000| Untracked 
|  44|0x0000000082c00000, 0x0000000082d00000, 0x0000000082d00000|100%| O|  |TAMS 0x0000000082d00000, 0x0000000082c00000| Untracked 
|  45|0x0000000082d00000, 0x0000000082e00000, 0x0000000082e00000|100%| O|  |TAMS 0x0000000082e00000, 0x0000000082d00000| Untracked 
|  46|0x0000000082e00000, 0x0000000082f00000, 0x0000000082f00000|100%| O|  |TAMS 0x0000000082f00000, 0x0000000082e00000| Untracked 
|  47|0x0000000082f00000, 0x0000000083000000, 0x0000000083000000|100%| O|  |TAMS 0x0000000083000000, 0x0000000082f00000| Untracked 
|  48|0x0000000083000000, 0x0000000083100000, 0x0000000083100000|100%| O|  |TAMS 0x0000000083100000, 0x0000000083000000| Untracked 
|  49|0x0000000083100000, 0x0000000083200000, 0x0000000083200000|100%| O|  |TAMS 0x0000000083200000, 0x0000000083100000| Untracked 
|  50|0x0000000083200000, 0x0000000083300000, 0x0000000083300000|100%| O|  |TAMS 0x0000000083300000, 0x0000000083200000| Untracked 
|  51|0x0000000083300000, 0x0000000083400000, 0x0000000083400000|100%| O|  |TAMS 0x0000000083400000, 0x0000000083300000| Untracked 
|  52|0x0000000083400000, 0x0000000083500000, 0x0000000083500000|100%| O|  |TAMS 0x0000000083500000, 0x0000000083400000| Untracked 
|  53|0x0000000083500000, 0x0000000083600000, 0x0000000083600000|100%| O|  |TAMS 0x0000000083600000, 0x0000000083500000| Untracked 
|  54|0x0000000083600000, 0x0000000083700000, 0x0000000083700000|100%| O|  |TAMS 0x0000000083700000, 0x0000000083600000| Untracked 
|  55|0x0000000083700000, 0x0000000083800000, 0x0000000083800000|100%| O|  |TAMS 0x0000000083800000, 0x0000000083700000| Untracked 
|  56|0x0000000083800000, 0x0000000083900000, 0x0000000083900000|100%| O|  |TAMS 0x0000000083900000, 0x0000000083800000| Untracked 
|  57|0x0000000083900000, 0x0000000083a00000, 0x0000000083a00000|100%| O|  |TAMS 0x0000000083a00000, 0x0000000083900000| Untracked 
|  58|0x0000000083a00000, 0x0000000083b00000, 0x0000000083b00000|100%| O|  |TAMS 0x0000000083b00000, 0x0000000083a00000| Untracked 
|  59|0x0000000083b00000, 0x0000000083c00000, 0x0000000083c00000|100%| O|  |TAMS 0x0000000083c00000, 0x0000000083b00000| Untracked 
|  60|0x0000000083c00000, 0x0000000083d00000, 0x0000000083d00000|100%| O|  |TAMS 0x0000000083d00000, 0x0000000083c00000| Untracked 
|  61|0x0000000083d00000, 0x0000000083e00000, 0x0000000083e00000|100%| O|  |TAMS 0x0000000083e00000, 0x0000000083d00000| Untracked 
|  62|0x0000000083e00000, 0x0000000083f00000, 0x0000000083f00000|100%| O|  |TAMS 0x0000000083f00000, 0x0000000083e00000| Untracked 
|  63|0x0000000083f00000, 0x0000000084000000, 0x0000000084000000|100%| O|  |TAMS 0x0000000084000000, 0x0000000083f00000| Untracked 
|  64|0x0000000084000000, 0x0000000084100000, 0x0000000084100000|100%| O|  |TAMS 0x0000000084100000, 0x0000000084000000| Untracked 
|  65|0x0000000084100000, 0x0000000084200000, 0x0000000084200000|100%| O|  |TAMS 0x0000000084200000, 0x0000000084100000| Untracked 
|  66|0x0000000084200000, 0x0000000084300000, 0x0000000084300000|100%| O|  |TAMS 0x0000000084300000, 0x0000000084200000| Untracked 
|  67|0x0000000084300000, 0x0000000084400000, 0x0000000084400000|100%| O|  |TAMS 0x0000000084400000, 0x0000000084300000| Untracked 
|  68|0x0000000084400000, 0x0000000084500000, 0x0000000084500000|100%| O|  |TAMS 0x0000000084500000, 0x0000000084400000| Untracked 
|  69|0x0000000084500000, 0x0000000084600000, 0x0000000084600000|100%| O|  |TAMS 0x0000000084600000, 0x0000000084500000| Untracked 
|  70|0x0000000084600000, 0x0000000084700000, 0x0000000084700000|100%| O|  |TAMS 0x0000000084700000, 0x0000000084600000| Untracked 
|  71|0x0000000084700000, 0x0000000084800000, 0x0000000084800000|100%| O|  |TAMS 0x0000000084800000, 0x0000000084700000| Untracked 
|  72|0x0000000084800000, 0x0000000084900000, 0x0000000084900000|100%| O|  |TAMS 0x0000000084900000, 0x0000000084800000| Untracked 
|  73|0x0000000084900000, 0x0000000084a00000, 0x0000000084a00000|100%| O|  |TAMS 0x0000000084a00000, 0x0000000084900000| Untracked 
|  74|0x0000000084a00000, 0x0000000084b00000, 0x0000000084b00000|100%| O|  |TAMS 0x0000000084b00000, 0x0000000084a00000| Untracked 
|  75|0x0000000084b00000, 0x0000000084c00000, 0x0000000084c00000|100%| O|  |TAMS 0x0000000084b27000, 0x0000000084b00000| Untracked 
|  76|0x0000000084c00000, 0x0000000084d00000, 0x0000000084d00000|100%| O|  |TAMS 0x0000000084c00000, 0x0000000084c00000| Untracked 
|  77|0x0000000084d00000, 0x0000000084e00000, 0x0000000084e00000|100%| O|  |TAMS 0x0000000084d00000, 0x0000000084d00000| Untracked 
|  78|0x0000000084e00000, 0x0000000084f00000, 0x0000000084f00000|100%| O|  |TAMS 0x0000000084e00000, 0x0000000084e00000| Untracked 
|  79|0x0000000084f00000, 0x0000000085000000, 0x0000000085000000|100%| O|  |TAMS 0x0000000084f00000, 0x0000000084f00000| Untracked 
|  80|0x0000000085000000, 0x00000000850aae00, 0x0000000085100000| 66%| O|  |TAMS 0x0000000085000000, 0x0000000085000000| Untracked 
|  81|0x0000000085100000, 0x0000000085100000, 0x0000000085200000|  0%| F|  |TAMS 0x0000000085100000, 0x0000000085100000| Untracked 
|  82|0x0000000085200000, 0x0000000085200000, 0x0000000085300000|  0%| F|  |TAMS 0x0000000085200000, 0x0000000085200000| Untracked 
|  83|0x0000000085300000, 0x0000000085300000, 0x0000000085400000|  0%| F|  |TAMS 0x0000000085300000, 0x0000000085300000| Untracked 
|  84|0x0000000085400000, 0x0000000085400000, 0x0000000085500000|  0%| F|  |TAMS 0x0000000085400000, 0x0000000085400000| Untracked 
|  85|0x0000000085500000, 0x0000000085500000, 0x0000000085600000|  0%| F|  |TAMS 0x0000000085500000, 0x0000000085500000| Untracked 
|  86|0x0000000085600000, 0x0000000085600000, 0x0000000085700000|  0%| F|  |TAMS 0x0000000085600000, 0x0000000085600000| Untracked 
|  87|0x0000000085700000, 0x0000000085700000, 0x0000000085800000|  0%| F|  |TAMS 0x0000000085700000, 0x0000000085700000| Untracked 
|  88|0x0000000085800000, 0x0000000085800000, 0x0000000085900000|  0%| F|  |TAMS 0x0000000085800000, 0x0000000085800000| Untracked 
|  89|0x0000000085900000, 0x0000000085900000, 0x0000000085a00000|  0%| F|  |TAMS 0x0000000085900000, 0x0000000085900000| Untracked 
|  90|0x0000000085a00000, 0x0000000085a00000, 0x0000000085b00000|  0%| F|  |TAMS 0x0000000085a00000, 0x0000000085a00000| Untracked 
|  91|0x0000000085b00000, 0x0000000085b00000, 0x0000000085c00000|  0%| F|  |TAMS 0x0000000085b00000, 0x0000000085b00000| Untracked 
|  92|0x0000000085c00000, 0x0000000085c00000, 0x0000000085d00000|  0%| F|  |TAMS 0x0000000085c00000, 0x0000000085c00000| Untracked 
|  93|0x0000000085d00000, 0x0000000085d00000, 0x0000000085e00000|  0%| F|  |TAMS 0x0000000085d00000, 0x0000000085d00000| Untracked 
|  94|0x0000000085e00000, 0x0000000085e00000, 0x0000000085f00000|  0%| F|  |TAMS 0x0000000085e00000, 0x0000000085e00000| Untracked 
|  95|0x0000000085f00000, 0x0000000085f00000, 0x0000000086000000|  0%| F|  |TAMS 0x0000000085f00000, 0x0000000085f00000| Untracked 
|  96|0x0000000086000000, 0x0000000086000000, 0x0000000086100000|  0%| F|  |TAMS 0x0000000086000000, 0x0000000086000000| Untracked 
|  97|0x0000000086100000, 0x0000000086100000, 0x0000000086200000|  0%| F|  |TAMS 0x0000000086100000, 0x0000000086100000| Untracked 
|  98|0x0000000086200000, 0x0000000086200000, 0x0000000086300000|  0%| F|  |TAMS 0x0000000086200000, 0x0000000086200000| Untracked 
|  99|0x0000000086300000, 0x0000000086300000, 0x0000000086400000|  0%| F|  |TAMS 0x0000000086300000, 0x0000000086300000| Untracked 
| 100|0x0000000086400000, 0x0000000086400000, 0x0000000086500000|  0%| F|  |TAMS 0x0000000086400000, 0x0000000086400000| Untracked 
| 101|0x0000000086500000, 0x0000000086500000, 0x0000000086600000|  0%| F|  |TAMS 0x0000000086500000, 0x0000000086500000| Untracked 
| 102|0x0000000086600000, 0x0000000086600000, 0x0000000086700000|  0%| F|  |TAMS 0x0000000086600000, 0x0000000086600000| Untracked 
| 103|0x0000000086700000, 0x0000000086700000, 0x0000000086800000|  0%| F|  |TAMS 0x0000000086700000, 0x0000000086700000| Untracked 
| 104|0x0000000086800000, 0x0000000086800000, 0x0000000086900000|  0%| F|  |TAMS 0x0000000086800000, 0x0000000086800000| Untracked 
| 105|0x0000000086900000, 0x0000000086900000, 0x0000000086a00000|  0%| F|  |TAMS 0x0000000086900000, 0x0000000086900000| Untracked 
| 106|0x0000000086a00000, 0x0000000086a00000, 0x0000000086b00000|  0%| F|  |TAMS 0x0000000086a00000, 0x0000000086a00000| Untracked 
| 107|0x0000000086b00000, 0x0000000086b00000, 0x0000000086c00000|  0%| F|  |TAMS 0x0000000086b00000, 0x0000000086b00000| Untracked 
| 108|0x0000000086c00000, 0x0000000086c00000, 0x0000000086d00000|  0%| F|  |TAMS 0x0000000086c00000, 0x0000000086c00000| Untracked 
| 109|0x0000000086d00000, 0x0000000086d00000, 0x0000000086e00000|  0%| F|  |TAMS 0x0000000086d00000, 0x0000000086d00000| Untracked 
| 110|0x0000000086e00000, 0x0000000086e246e0, 0x0000000086f00000| 14%| S|CS|TAMS 0x0000000086e00000, 0x0000000086e00000| Complete 
| 111|0x0000000086f00000, 0x0000000087000000, 0x0000000087000000|100%| S|CS|TAMS 0x0000000086f00000, 0x0000000086f00000| Complete 
| 112|0x0000000087000000, 0x0000000087100000, 0x0000000087100000|100%| S|CS|TAMS 0x0000000087000000, 0x0000000087000000| Complete 
| 113|0x0000000087100000, 0x0000000087200000, 0x0000000087200000|100%| S|CS|TAMS 0x0000000087100000, 0x0000000087100000| Complete 
| 114|0x0000000087200000, 0x0000000087300000, 0x0000000087300000|100%| S|CS|TAMS 0x0000000087200000, 0x0000000087200000| Complete 
| 115|0x0000000087300000, 0x0000000087400000, 0x0000000087400000|100%| S|CS|TAMS 0x0000000087300000, 0x0000000087300000| Complete 
| 116|0x0000000087400000, 0x0000000087500000, 0x0000000087500000|100%| S|CS|TAMS 0x0000000087400000, 0x0000000087400000| Complete 
| 117|0x0000000087500000, 0x0000000087500000, 0x0000000087600000|  0%| F|  |TAMS 0x0000000087500000, 0x0000000087500000| Untracked 
| 118|0x0000000087600000, 0x0000000087600000, 0x0000000087700000|  0%| F|  |TAMS 0x0000000087600000, 0x0000000087600000| Untracked 
| 119|0x0000000087700000, 0x0000000087700000, 0x0000000087800000|  0%| F|  |TAMS 0x0000000087700000, 0x0000000087700000| Untracked 
| 120|0x0000000087800000, 0x0000000087800000, 0x0000000087900000|  0%| F|  |TAMS 0x0000000087800000, 0x0000000087800000| Untracked 
| 121|0x0000000087900000, 0x0000000087900000, 0x0000000087a00000|  0%| F|  |TAMS 0x0000000087900000, 0x0000000087900000| Untracked 
| 122|0x0000000087a00000, 0x0000000087a00000, 0x0000000087b00000|  0%| F|  |TAMS 0x0000000087a00000, 0x0000000087a00000| Untracked 
| 123|0x0000000087b00000, 0x0000000087b00000, 0x0000000087c00000|  0%| F|  |TAMS 0x0000000087b00000, 0x0000000087b00000| Untracked 
| 124|0x0000000087c00000, 0x0000000087c00000, 0x0000000087d00000|  0%| F|  |TAMS 0x0000000087c00000, 0x0000000087c00000| Untracked 
| 125|0x0000000087d00000, 0x0000000087d00000, 0x0000000087e00000|  0%| F|  |TAMS 0x0000000087d00000, 0x0000000087d00000| Untracked 
| 126|0x0000000087e00000, 0x0000000087e00000, 0x0000000087f00000|  0%| F|  |TAMS 0x0000000087e00000, 0x0000000087e00000| Untracked 
| 127|0x0000000087f00000, 0x0000000087f00000, 0x0000000088000000|  0%| F|  |TAMS 0x0000000087f00000, 0x0000000087f00000| Untracked 
| 128|0x0000000088000000, 0x0000000088000000, 0x0000000088100000|  0%| F|  |TAMS 0x0000000088000000, 0x0000000088000000| Untracked 
| 129|0x0000000088100000, 0x0000000088100000, 0x0000000088200000|  0%| F|  |TAMS 0x0000000088100000, 0x0000000088100000| Untracked 
| 130|0x0000000088200000, 0x0000000088200000, 0x0000000088300000|  0%| F|  |TAMS 0x0000000088200000, 0x0000000088200000| Untracked 
| 131|0x0000000088300000, 0x0000000088300000, 0x0000000088400000|  0%| F|  |TAMS 0x0000000088300000, 0x0000000088300000| Untracked 
| 132|0x0000000088400000, 0x0000000088400000, 0x0000000088500000|  0%| F|  |TAMS 0x0000000088400000, 0x0000000088400000| Untracked 
| 133|0x0000000088500000, 0x0000000088500000, 0x0000000088600000|  0%| F|  |TAMS 0x0000000088500000, 0x0000000088500000| Untracked 
| 134|0x0000000088600000, 0x0000000088600000, 0x0000000088700000|  0%| F|  |TAMS 0x0000000088600000, 0x0000000088600000| Untracked 
| 135|0x0000000088700000, 0x0000000088700000, 0x0000000088800000|  0%| F|  |TAMS 0x0000000088700000, 0x0000000088700000| Untracked 
| 136|0x0000000088800000, 0x0000000088804030, 0x0000000088900000|  1%| E|  |TAMS 0x0000000088800000, 0x0000000088800000| Complete 
| 137|0x0000000088900000, 0x0000000088a00000, 0x0000000088a00000|100%| E|CS|TAMS 0x0000000088900000, 0x0000000088900000| Complete 
| 138|0x0000000088a00000, 0x0000000088b00000, 0x0000000088b00000|100%| E|CS|TAMS 0x0000000088a00000, 0x0000000088a00000| Complete 
| 139|0x0000000088b00000, 0x0000000088c00000, 0x0000000088c00000|100%| E|CS|TAMS 0x0000000088b00000, 0x0000000088b00000| Complete 
| 140|0x0000000088c00000, 0x0000000088d00000, 0x0000000088d00000|100%| E|  |TAMS 0x0000000088c00000, 0x0000000088c00000| Complete 
| 141|0x0000000088d00000, 0x0000000088e00000, 0x0000000088e00000|100%| E|CS|TAMS 0x0000000088d00000, 0x0000000088d00000| Complete 
| 142|0x0000000088e00000, 0x0000000088f00000, 0x0000000088f00000|100%| E|CS|TAMS 0x0000000088e00000, 0x0000000088e00000| Complete 
| 143|0x0000000088f00000, 0x0000000089000000, 0x0000000089000000|100%| E|CS|TAMS 0x0000000088f00000, 0x0000000088f00000| Complete 
| 144|0x0000000089000000, 0x0000000089100000, 0x0000000089100000|100%| E|CS|TAMS 0x0000000089000000, 0x0000000089000000| Complete 
| 145|0x0000000089100000, 0x0000000089200000, 0x0000000089200000|100%| E|CS|TAMS 0x0000000089100000, 0x0000000089100000| Complete 
| 146|0x0000000089200000, 0x0000000089300000, 0x0000000089300000|100%| E|CS|TAMS 0x0000000089200000, 0x0000000089200000| Complete 
| 147|0x0000000089300000, 0x0000000089400000, 0x0000000089400000|100%| E|CS|TAMS 0x0000000089300000, 0x0000000089300000| Complete 
| 148|0x0000000089400000, 0x0000000089500000, 0x0000000089500000|100%| E|CS|TAMS 0x0000000089400000, 0x0000000089400000| Complete 
| 149|0x0000000089500000, 0x0000000089600000, 0x0000000089600000|100%| E|CS|TAMS 0x0000000089500000, 0x0000000089500000| Complete 
| 150|0x0000000089600000, 0x0000000089700000, 0x0000000089700000|100%| E|CS|TAMS 0x0000000089600000, 0x0000000089600000| Complete 
| 151|0x0000000089700000, 0x0000000089800000, 0x0000000089800000|100%| E|CS|TAMS 0x0000000089700000, 0x0000000089700000| Complete 
| 152|0x0000000089800000, 0x0000000089900000, 0x0000000089900000|100%| E|CS|TAMS 0x0000000089800000, 0x0000000089800000| Complete 
| 153|0x0000000089900000, 0x0000000089a00000, 0x0000000089a00000|100%| E|CS|TAMS 0x0000000089900000, 0x0000000089900000| Complete 
| 154|0x0000000089a00000, 0x0000000089b00000, 0x0000000089b00000|100%| E|CS|TAMS 0x0000000089a00000, 0x0000000089a00000| Complete 
| 155|0x0000000089b00000, 0x0000000089c00000, 0x0000000089c00000|100%| E|CS|TAMS 0x0000000089b00000, 0x0000000089b00000| Complete 
| 156|0x0000000089c00000, 0x0000000089d00000, 0x0000000089d00000|100%| E|CS|TAMS 0x0000000089c00000, 0x0000000089c00000| Complete 
| 157|0x0000000089d00000, 0x0000000089e00000, 0x0000000089e00000|100%| E|CS|TAMS 0x0000000089d00000, 0x0000000089d00000| Complete 
| 158|0x0000000089e00000, 0x0000000089f00000, 0x0000000089f00000|100%| E|CS|TAMS 0x0000000089e00000, 0x0000000089e00000| Complete 
| 159|0x0000000089f00000, 0x000000008a000000, 0x000000008a000000|100%| E|CS|TAMS 0x0000000089f00000, 0x0000000089f00000| Complete 
| 160|0x000000008a000000, 0x000000008a100000, 0x000000008a100000|100%| E|CS|TAMS 0x000000008a000000, 0x000000008a000000| Complete 
| 161|0x000000008a100000, 0x000000008a200000, 0x000000008a200000|100%| E|CS|TAMS 0x000000008a100000, 0x000000008a100000| Complete 
| 162|0x000000008a200000, 0x000000008a300000, 0x000000008a300000|100%| E|CS|TAMS 0x000000008a200000, 0x000000008a200000| Complete 
| 163|0x000000008a300000, 0x000000008a400000, 0x000000008a400000|100%| E|CS|TAMS 0x000000008a300000, 0x000000008a300000| Complete 
| 164|0x000000008a400000, 0x000000008a500000, 0x000000008a500000|100%| E|CS|TAMS 0x000000008a400000, 0x000000008a400000| Complete 
| 165|0x000000008a500000, 0x000000008a600000, 0x000000008a600000|100%| E|CS|TAMS 0x000000008a500000, 0x000000008a500000| Complete 
| 166|0x000000008a600000, 0x000000008a700000, 0x000000008a700000|100%| E|CS|TAMS 0x000000008a600000, 0x000000008a600000| Complete 
| 167|0x000000008a700000, 0x000000008a800000, 0x000000008a800000|100%| E|CS|TAMS 0x000000008a700000, 0x000000008a700000| Complete 
| 168|0x000000008a800000, 0x000000008a900000, 0x000000008a900000|100%| E|CS|TAMS 0x000000008a800000, 0x000000008a800000| Complete 
| 169|0x000000008a900000, 0x000000008aa00000, 0x000000008aa00000|100%| E|CS|TAMS 0x000000008a900000, 0x000000008a900000| Complete 
| 170|0x000000008aa00000, 0x000000008ab00000, 0x000000008ab00000|100%| E|CS|TAMS 0x000000008aa00000, 0x000000008aa00000| Complete 
| 171|0x000000008ab00000, 0x000000008ac00000, 0x000000008ac00000|100%| E|CS|TAMS 0x000000008ab00000, 0x000000008ab00000| Complete 
| 172|0x000000008ac00000, 0x000000008ad00000, 0x000000008ad00000|100%| E|CS|TAMS 0x000000008ac00000, 0x000000008ac00000| Complete 
| 173|0x000000008ad00000, 0x000000008ae00000, 0x000000008ae00000|100%| E|CS|TAMS 0x000000008ad00000, 0x000000008ad00000| Complete 
| 174|0x000000008ae00000, 0x000000008af00000, 0x000000008af00000|100%| E|CS|TAMS 0x000000008ae00000, 0x000000008ae00000| Complete 
| 175|0x000000008af00000, 0x000000008b000000, 0x000000008b000000|100%| E|CS|TAMS 0x000000008af00000, 0x000000008af00000| Complete 
| 176|0x000000008b000000, 0x000000008b100000, 0x000000008b100000|100%| E|CS|TAMS 0x000000008b000000, 0x000000008b000000| Complete 
| 177|0x000000008b100000, 0x000000008b200000, 0x000000008b200000|100%| E|CS|TAMS 0x000000008b100000, 0x000000008b100000| Complete 
| 178|0x000000008b200000, 0x000000008b300000, 0x000000008b300000|100%| E|CS|TAMS 0x000000008b200000, 0x000000008b200000| Complete 
| 179|0x000000008b300000, 0x000000008b400000, 0x000000008b400000|100%| E|CS|TAMS 0x000000008b300000, 0x000000008b300000| Complete 
| 180|0x000000008b400000, 0x000000008b500000, 0x000000008b500000|100%| E|CS|TAMS 0x000000008b400000, 0x000000008b400000| Complete 
| 181|0x000000008b500000, 0x000000008b600000, 0x000000008b600000|100%| E|CS|TAMS 0x000000008b500000, 0x000000008b500000| Complete 
| 182|0x000000008b600000, 0x000000008b700000, 0x000000008b700000|100%| E|CS|TAMS 0x000000008b600000, 0x000000008b600000| Complete 

Card table byte_map: [0x0000021aff590000,0x0000021aff990000] _byte_map_base: 0x0000021aff190000

Marking Bits (Prev, Next): (CMBitMap*) 0x0000021afedcf1c8, (CMBitMap*) 0x0000021afedcf200
 Prev Bits: [0x0000021a92a50000, 0x0000021a94a50000)
 Next Bits: [0x0000021a94a50000, 0x0000021a96a50000)

Polling page: 0x0000021afe560000

Metaspace:

Usage:
  Non-class:     78.94 MB capacity,    77.24 MB ( 98%) used,     1.39 MB (  2%) free+waste,   317.06 KB ( <1%) overhead. 
      Class:     12.64 MB capacity,    11.61 MB ( 92%) used,   917.34 KB (  7%) free+waste,   145.75 KB (  1%) overhead. 
       Both:     91.58 MB capacity,    88.85 MB ( 97%) used,     2.28 MB (  2%) free+waste,   462.81 KB ( <1%) overhead. 

Virtual space:
  Non-class space:       80.00 MB reserved,      79.02 MB ( 99%) committed 
      Class space:        1.00 GB reserved,      12.77 MB (  1%) committed 
             Both:        1.08 GB reserved,      91.79 MB (  8%) committed 

Chunk freelists:
   Non-Class:  11.00 KB
       Class:  11.00 KB
        Both:  22.00 KB

MaxMetaspaceSize: 17179869184.00 GB
CompressedClassSpaceSize: 1.00 GB
Initial GC threshold: 20.80 MB
Current GC threshold: 140.90 MB
CDS: off

CodeHeap 'non-profiled nmethods': size=120000Kb used=4735Kb max_used=4735Kb free=115264Kb
 bounds [0x0000021a8b520000, 0x0000021a8b9c0000, 0x0000021a92a50000]
CodeHeap 'profiled nmethods': size=120000Kb used=21293Kb max_used=21293Kb free=98706Kb
 bounds [0x0000021a83ff0000, 0x0000021a854c0000, 0x0000021a8b520000]
CodeHeap 'non-nmethods': size=5760Kb used=2397Kb max_used=2415Kb free=3362Kb
 bounds [0x0000021a83a50000, 0x0000021a83cc0000, 0x0000021a83ff0000]
 total_blobs=11856 nmethods=10932 adapters=836
 compilation: enabled
              stopped_count=0, restarted_count=0
 full_count=0

Compilation events (20 events):
Event: 44.679 Thread 0x0000021a99b13800 11285       3       java.lang.StackTraceElement::isNativeMethod (15 bytes)
Event: 44.679 Thread 0x0000021a99b13800 nmethod 11285 0x0000021a85492590 code [0x0000021a85492740, 0x0000021a85492898]
Event: 44.679 Thread 0x0000021a99b13800 11286       3       java.lang.StackTraceElement::equals (122 bytes)
Event: 44.681 Thread 0x0000021a99b13800 nmethod 11286 0x0000021a85492910 code [0x0000021a85492ba0, 0x0000021a85493858]
Event: 44.684 Thread 0x0000021a99b13800 11291       1       java.lang.StackTraceElement::getLineNumber (5 bytes)
Event: 44.684 Thread 0x0000021a99b13800 nmethod 11291 0x0000021a8b9be290 code [0x0000021a8b9be440, 0x0000021a8b9be4f8]
Event: 44.684 Thread 0x0000021a99b13800 11292       1       java.lang.StackTraceElement::getFileName (5 bytes)
Event: 44.684 Thread 0x0000021a99b13800 nmethod 11292 0x0000021a8b9be590 code [0x0000021a8b9be740, 0x0000021a8b9be7f8]
Event: 44.688 Thread 0x0000021a99b13800 11293       1       java.lang.StackTraceElement::getClassName (5 bytes)
Event: 44.688 Thread 0x0000021a99b13800 nmethod 11293 0x0000021a8b9be890 code [0x0000021a8b9bea40, 0x0000021a8b9beaf8]
Event: 44.689 Thread 0x0000021a99b13800 11294       3       org.codehaus.groovy.runtime.StackTraceUtils::isApplicationClass (84 bytes)
Event: 44.690 Thread 0x0000021a99b13800 nmethod 11294 0x0000021a85493b10 code [0x0000021a85493d60, 0x0000021a85494778]
Event: 44.692 Thread 0x0000021a99b13800 11295   !   3       org.gradle.launcher.daemon.server.SynchronizedDispatchConnection::dispatchAndFlush (118 bytes)
Event: 44.694 Thread 0x0000021a99b13800 nmethod 11295 0x0000021a85494b10 code [0x0000021a85494e00, 0x0000021a85495ec8]
Event: 44.694 Thread 0x0000021a99b13800 11296   !   3       org.gradle.internal.remote.internal.inet.SocketConnection::dispatch (134 bytes)
Event: 44.697 Thread 0x0000021a99b13800 nmethod 11296 0x0000021a85496610 code [0x0000021a85496bc0, 0x0000021a85499d88]
Event: 44.697 Thread 0x0000021a99b13800 11297   !   3       org.gradle.internal.remote.internal.inet.SocketConnection::flush (46 bytes)
Event: 44.699 Thread 0x0000021a99b13800 nmethod 11297 0x0000021a8549ae10 code [0x0000021a8549b0c0, 0x0000021a8549bda8]
Event: 44.702 Thread 0x0000021a99b13800 11299       2       java.lang.invoke.BoundMethodHandle$Species_LLL::speciesData (4 bytes)
Event: 44.702 Thread 0x0000021a99b13800 nmethod 11299 0x0000021a8549c290 code [0x0000021a8549c440, 0x0000021a8549c538]

GC Heap History (20 events):
Event: 27.112 GC heap before
{Heap before GC invocations=19 (full 0):
 garbage-first heap   total 129024K, used 97908K [0x0000000080000000, 0x0000000100000000)
  region size 1024K, 47 young (48128K), 5 survivors (5120K)
 Metaspace       used 71250K, capacity 73023K, committed 73256K, reserved 1112064K
  class space    used 9272K, capacity 9960K, committed 10008K, reserved 1048576K
}
Event: 27.123 GC heap after
{Heap after GC invocations=20 (full 0):
 garbage-first heap   total 129024K, used 57668K [0x0000000080000000, 0x0000000100000000)
  region size 1024K, 4 young (4096K), 4 survivors (4096K)
 Metaspace       used 71250K, capacity 73023K, committed 73256K, reserved 1112064K
  class space    used 9272K, capacity 9960K, committed 10008K, reserved 1048576K
}
Event: 27.681 GC heap before
{Heap before GC invocations=20 (full 0):
 garbage-first heap   total 129024K, used 100676K [0x0000000080000000, 0x0000000100000000)
  region size 1024K, 46 young (47104K), 4 survivors (4096K)
 Metaspace       used 73176K, capacity 74979K, committed 75176K, reserved 1114112K
  class space    used 9567K, capacity 10264K, committed 10392K, reserved 1048576K
}
Event: 27.691 GC heap after
{Heap after GC invocations=21 (full 0):
 garbage-first heap   total 129024K, used 60882K [0x0000000080000000, 0x0000000100000000)
  region size 1024K, 6 young (6144K), 6 survivors (6144K)
 Metaspace       used 73176K, capacity 74979K, committed 75176K, reserved 1114112K
  class space    used 9567K, capacity 10264K, committed 10392K, reserved 1048576K
}
Event: 28.435 GC heap before
{Heap before GC invocations=21 (full 0):
 garbage-first heap   total 129024K, used 101842K [0x0000000080000000, 0x0000000100000000)
  region size 1024K, 46 young (47104K), 6 survivors (6144K)
 Metaspace       used 76793K, capacity 78654K, committed 78760K, reserved 1118208K
  class space    used 10120K, capacity 10851K, committed 10904K, reserved 1048576K
}
Event: 28.448 GC heap after
{Heap after GC invocations=22 (full 0):
 garbage-first heap   total 129024K, used 63196K [0x0000000080000000, 0x0000000100000000)
  region size 1024K, 3 young (3072K), 3 survivors (3072K)
 Metaspace       used 76793K, capacity 78654K, committed 78760K, reserved 1118208K
  class space    used 10120K, capacity 10851K, committed 10904K, reserved 1048576K
}
Event: 29.114 GC heap before
{Heap before GC invocations=22 (full 0):
 garbage-first heap   total 129024K, used 103132K [0x0000000080000000, 0x0000000100000000)
  region size 1024K, 42 young (43008K), 3 survivors (3072K)
 Metaspace       used 80150K, capacity 82192K, committed 82344K, reserved 1120256K
  class space    used 10510K, capacity 11295K, committed 11416K, reserved 1048576K
}
Event: 29.123 GC heap after
{Heap after GC invocations=23 (full 0):
 garbage-first heap   total 155648K, used 66423K [0x0000000080000000, 0x0000000100000000)
  region size 1024K, 6 young (6144K), 6 survivors (6144K)
 Metaspace       used 80150K, capacity 82192K, committed 82344K, reserved 1120256K
  class space    used 10510K, capacity 11295K, committed 11416K, reserved 1048576K
}
Event: 29.624 GC heap before
{Heap before GC invocations=24 (full 0):
 garbage-first heap   total 155648K, used 116599K [0x0000000080000000, 0x0000000100000000)
  region size 1024K, 55 young (56320K), 6 survivors (6144K)
 Metaspace       used 80634K, capacity 82623K, committed 82856K, reserved 1120256K
  class space    used 10567K, capacity 11350K, committed 11416K, reserved 1048576K
}
Event: 29.641 GC heap after
{Heap after GC invocations=25 (full 0):
 garbage-first heap   total 155648K, used 72821K [0x0000000080000000, 0x0000000100000000)
  region size 1024K, 7 young (7168K), 7 survivors (7168K)
 Metaspace       used 80634K, capacity 82623K, committed 82856K, reserved 1120256K
  class space    used 10567K, capacity 11350K, committed 11416K, reserved 1048576K
}
Event: 30.658 GC heap before
{Heap before GC invocations=25 (full 0):
 garbage-first heap   total 155648K, used 119925K [0x0000000080000000, 0x0000000100000000)
  region size 1024K, 53 young (54272K), 7 survivors (7168K)
 Metaspace       used 83284K, capacity 85757K, committed 86056K, reserved 1124352K
  class space    used 11052K, capacity 11991K, committed 12056K, reserved 1048576K
}
Event: 30.675 GC heap after
{Heap after GC invocations=26 (full 0):
 garbage-first heap   total 155648K, used 77332K [0x0000000080000000, 0x0000000100000000)
  region size 1024K, 5 young (5120K), 5 survivors (5120K)
 Metaspace       used 83284K, capacity 85757K, committed 86056K, reserved 1124352K
  class space    used 11052K, capacity 11991K, committed 12056K, reserved 1048576K
}
Event: 31.283 GC heap before
{Heap before GC invocations=26 (full 0):
 garbage-first heap   total 155648K, used 121364K [0x0000000080000000, 0x0000000100000000)
  region size 1024K, 49 young (50176K), 5 survivors (5120K)
 Metaspace       used 83691K, capacity 86164K, committed 86312K, reserved 1124352K
  class space    used 11071K, capacity 12012K, committed 12056K, reserved 1048576K
}
Event: 31.299 GC heap after
{Heap after GC invocations=27 (full 0):
 garbage-first heap   total 155648K, used 79768K [0x0000000080000000, 0x0000000100000000)
  region size 1024K, 3 young (3072K), 3 survivors (3072K)
 Metaspace       used 83691K, capacity 86164K, committed 86312K, reserved 1124352K
  class space    used 11071K, capacity 12012K, committed 12056K, reserved 1048576K
}
Event: 32.032 GC heap before
{Heap before GC invocations=28 (full 0):
 garbage-first heap   total 155648K, used 123800K [0x0000000080000000, 0x0000000100000000)
  region size 1024K, 47 young (48128K), 3 survivors (3072K)
 Metaspace       used 84277K, capacity 86884K, committed 86952K, reserved 1124352K
  class space    used 11128K, capacity 12121K, committed 12184K, reserved 1048576K
}
Event: 32.052 GC heap after
{Heap after GC invocations=29 (full 0):
 garbage-first heap   total 187392K, used 82816K [0x0000000080000000, 0x0000000100000000)
  region size 1024K, 6 young (6144K), 6 survivors (6144K)
 Metaspace       used 84277K, capacity 86884K, committed 86952K, reserved 1124352K
  class space    used 11128K, capacity 12121K, committed 12184K, reserved 1048576K
}
Event: 40.197 GC heap before
{Heap before GC invocations=29 (full 0):
 garbage-first heap   total 187392K, used 141184K [0x0000000080000000, 0x0000000100000000)
  region size 1024K, 64 young (65536K), 6 survivors (6144K)
 Metaspace       used 86967K, capacity 89658K, committed 89768K, reserved 1126400K
  class space    used 11390K, capacity 12371K, committed 12440K, reserved 1048576K
}
Event: 40.210 GC heap after
{Heap after GC invocations=30 (full 0):
 garbage-first heap   total 187392K, used 86239K [0x0000000080000000, 0x0000000100000000)
  region size 1024K, 7 young (7168K), 7 survivors (7168K)
 Metaspace       used 86967K, capacity 89658K, committed 89768K, reserved 1126400K
  class space    used 11390K, capacity 12371K, committed 12440K, reserved 1048576K
}
Event: 44.081 GC heap before
{Heap before GC invocations=30 (full 0):
 garbage-first heap   total 187392K, used 144607K [0x0000000080000000, 0x0000000100000000)
  region size 1024K, 66 young (67584K), 7 survivors (7168K)
 Metaspace       used 88565K, capacity 91255K, committed 91560K, reserved 1128448K
  class space    used 11592K, capacity 12598K, committed 12696K, reserved 1048576K
}
Event: 44.091 GC heap after
{Heap after GC invocations=31 (full 0):
 garbage-first heap   total 187392K, used 88893K [0x0000000080000000, 0x0000000100000000)
  region size 1024K, 7 young (7168K), 7 survivors (7168K)
 Metaspace       used 88565K, capacity 91255K, committed 91560K, reserved 1128448K
  class space    used 11592K, capacity 12598K, committed 12696K, reserved 1048576K
}

Deoptimization events (20 events):
Event: 44.654 Thread 0x0000021aa09e4000 Uncommon trap: trap_request=0xffffffde fr.pc=0x0000021a8b98c690 relative=0x00000000000006d0
Event: 44.654 Thread 0x0000021aa09e4000 Uncommon trap: reason=class_check action=maybe_recompile pc=0x0000021a8b98c690 method=org.gradle.tooling.internal.provider.runner.ClientBuildEventGenerator.finished(Lorg/gradle/internal/operations/BuildOperationDescriptor;Lorg/gradle/internal/operations/O
Event: 44.654 Thread 0x0000021aa09e4000 DEOPT PACKING pc=0x0000021a8b98c690 sp=0x000000e5110fe000
Event: 44.654 Thread 0x0000021aa09e4000 DEOPT UNPACKING pc=0x0000021a83a9a1af sp=0x000000e5110fdfc0 mode 2
Event: 44.654 Thread 0x0000021aa09e4000 Uncommon trap: trap_request=0xffffffde fr.pc=0x0000021a8b98c690 relative=0x00000000000006d0
Event: 44.654 Thread 0x0000021aa09e4000 Uncommon trap: reason=class_check action=maybe_recompile pc=0x0000021a8b98c690 method=org.gradle.tooling.internal.provider.runner.ClientBuildEventGenerator.finished(Lorg/gradle/internal/operations/BuildOperationDescriptor;Lorg/gradle/internal/operations/O
Event: 44.654 Thread 0x0000021aa09e4000 DEOPT PACKING pc=0x0000021a8b98c690 sp=0x000000e5110fe000
Event: 44.654 Thread 0x0000021aa09e4000 DEOPT UNPACKING pc=0x0000021a83a9a1af sp=0x000000e5110fdfc0 mode 2
Event: 44.655 Thread 0x0000021a9c7aa800 Uncommon trap: trap_request=0xffffffc6 fr.pc=0x0000021a8b8b8ad0 relative=0x00000000000008f0
Event: 44.655 Thread 0x0000021a9c7aa800 Uncommon trap: reason=bimorphic_or_optimized_type_check action=maybe_recompile pc=0x0000021a8b8b8ad0 method=java.lang.Throwable.<init>(Ljava/lang/String;Ljava/lang/Throwable;)V @ 24 c2
Event: 44.655 Thread 0x0000021a9c7aa800 DEOPT PACKING pc=0x0000021a8b8b8ad0 sp=0x000000e5107fa620
Event: 44.655 Thread 0x0000021a9c7aa800 DEOPT UNPACKING pc=0x0000021a83a9a1af sp=0x000000e5107fa5e8 mode 2
Event: 44.672 Thread 0x0000021a9b417800 Uncommon trap: trap_request=0xffffff4d fr.pc=0x0000021a8b9a2360 relative=0x0000000000000420
Event: 44.672 Thread 0x0000021a9b417800 Uncommon trap: reason=unstable_if action=reinterpret pc=0x0000021a8b9a2360 method=java.io.ObjectOutputStream$BlockDataOutputStream.writeBytes(Ljava/lang/String;)V @ 22 c2
Event: 44.672 Thread 0x0000021a9b417800 DEOPT PACKING pc=0x0000021a8b9a2360 sp=0x000000e5099fc960
Event: 44.672 Thread 0x0000021a9b417800 DEOPT UNPACKING pc=0x0000021a83a9a1af sp=0x000000e5099fc8e8 mode 2
Event: 44.686 Thread 0x0000021a99c62800 Uncommon trap: trap_request=0xffffff4d fr.pc=0x0000021a8b7c64ac relative=0x000000000000058c
Event: 44.686 Thread 0x0000021a99c62800 Uncommon trap: reason=unstable_if action=reinterpret pc=0x0000021a8b7c64ac method=java.util.regex.Matcher.search(I)Z @ 76 c2
Event: 44.686 Thread 0x0000021a99c62800 DEOPT PACKING pc=0x0000021a8b7c64ac sp=0x000000e5096fbbf0
Event: 44.686 Thread 0x0000021a99c62800 DEOPT UNPACKING pc=0x0000021a83a9a1af sp=0x000000e5096fbbb0 mode 2

Classes redefined (0 events):
No events

Internal exceptions (20 events):
Event: 32.663 Thread 0x0000021a9c7aa800 Exception <a 'sun/nio/fs/WindowsException'{0x000000008a07e698}> (0x000000008a07e698) thrown at [src/hotspot/share/prims/jni.cpp, line 617]
Event: 32.663 Thread 0x0000021a9c7aa800 Exception <a 'sun/nio/fs/WindowsException'{0x000000008a07e998}> (0x000000008a07e998) thrown at [src/hotspot/share/prims/jni.cpp, line 617]
Event: 32.712 Thread 0x0000021a9c7aa800 Exception <a 'java/lang/NoSuchMethodError'{0x0000000089e75f08}: <clinit>> (0x0000000089e75f08) thrown at [src/hotspot/share/prims/jni.cpp, line 1367]
Event: 32.723 Thread 0x0000021a9c7aa800 Exception <a 'java/lang/NoSuchMethodError'{0x0000000089eaf040}: <clinit>> (0x0000000089eaf040) thrown at [src/hotspot/share/prims/jni.cpp, line 1367]
Event: 32.730 Thread 0x0000021a9c7aa800 Exception <a 'java/lang/NoSuchMethodError'{0x0000000089ee5048}: <clinit>> (0x0000000089ee5048) thrown at [src/hotspot/share/prims/jni.cpp, line 1367]
Event: 32.734 Thread 0x0000021a9c7aa800 Exception <a 'java/lang/NoSuchMethodError'{0x0000000089ef9260}: <clinit>> (0x0000000089ef9260) thrown at [src/hotspot/share/prims/jni.cpp, line 1367]
Event: 44.096 Thread 0x0000021a9bd0c800 Implicit null exception at 0x0000021a8b99cfdb to 0x0000021a8b99d070
Event: 44.100 Thread 0x0000021a9c7a3800 Implicit null exception at 0x0000021a8b99d3a4 to 0x0000021a8b99d544
Event: 44.583 Thread 0x0000021aa09e4000 Exception <a 'java/lang/NoSuchMethodError'{0x00000000890f9cb0}: 'void java.lang.invoke.DirectMethodHandle$Holder.invokeStatic(java.lang.Object, long)'> (0x00000000890f9cb0) thrown at [src/hotspot/share/interpreter/linkResolver.cpp, line 773]
Event: 44.584 Thread 0x0000021aa09e4000 Exception <a 'java/lang/NoSuchMethodError'{0x00000000890ff170}: 'java.lang.Object java.lang.invoke.DirectMethodHandle$Holder.invokeStatic(java.lang.Object, long)'> (0x00000000890ff170) thrown at [src/hotspot/share/interpreter/linkResolver.cpp, line 773]
Event: 44.585 Thread 0x0000021aa09e4000 Exception <a 'java/lang/NoSuchMethodError'{0x0000000088f02de0}: 'java.lang.Object java.lang.invoke.DirectMethodHandle$Holder.invokeSpecial(java.lang.Object, java.lang.Object, long)'> (0x0000000088f02de0) thrown at [src/hotspot/share/interpreter/linkResolver.cpp, line 773]
Event: 44.587 Thread 0x0000021aa09e4000 Exception <a 'java/lang/NoSuchMethodError'{0x0000000088f0dc88}: 'java.lang.Object java.lang.invoke.DirectMethodHandle$Holder.invokeStaticInit(java.lang.Object, java.lang.Object, long, java.lang.Object)'> (0x0000000088f0dc88) thrown at [src/hotspot/share/interpreter/linkResolver.cpp, line 773]
Event: 44.643 Thread 0x0000021aa09e4000 Exception <a 'java/io/IOException'{0x0000000088f3a9b0}> (0x0000000088f3a9b0) thrown at [src/hotspot/share/prims/jni.cpp, line 617]
Event: 44.650 Thread 0x0000021aa09e4000 Exception <a 'java/lang/NoSuchMethodError'{0x0000000088fa7090}: 'java.lang.Object java.lang.invoke.DirectMethodHandle$Holder.invokeSpecial(java.lang.Object, java.lang.Object, int, int, java.lang.Object, java.lang.Object, java.lang.Object, java.lang.Object)'> (0x0000000088fa7090) thrown at [src/hotspot/share/interpreter/linkResolver.cpp, line 773]
Event: 44.650 Thread 0x0000021aa09e4000 Exception <a 'java/lang/NoSuchMethodError'{0x0000000088faaa70}: 'java.lang.Object java.lang.invoke.DelegatingMethodHandle$Holder.reinvoke_L(java.lang.Object, int, int, java.lang.Object, java.lang.Object, java.lang.Object, java.lang.Object)'> (0x0000000088faaa70) thrown at [src/hotspot/share/interpreter/linkResolver.cpp, line 773]
Event: 44.670 Thread 0x0000021a9b417800 Exception <a 'java/lang/NoSuchMethodError'{0x0000000088c5d070}: <clinit>> (0x0000000088c5d070) thrown at [src/hotspot/share/prims/jni.cpp, line 1367]
Event: 44.672 Thread 0x0000021a9b417800 Exception <a 'java/lang/NoSuchMethodError'{0x0000000088c76df0}: <clinit>> (0x0000000088c76df0) thrown at [src/hotspot/share/prims/jni.cpp, line 1367]
Event: 44.712 Thread 0x0000021a99c62800 Exception <a 'sun/nio/fs/WindowsException'{0x0000000088b2a618}> (0x0000000088b2a618) thrown at [src/hotspot/share/prims/jni.cpp, line 617]
Event: 44.712 Thread 0x0000021a99c62800 Exception <a 'sun/nio/fs/WindowsException'{0x0000000088b2a6a0}> (0x0000000088b2a6a0) thrown at [src/hotspot/share/prims/jni.cpp, line 617]
Event: 44.715 Thread 0x0000021a99c62800 Exception <a 'sun/nio/fs/WindowsException'{0x0000000088b3be40}> (0x0000000088b3be40) thrown at [src/hotspot/share/prims/jni.cpp, line 617]

Events (20 events):
Event: 44.706 loading class com/google/common/reflect/TypeToken
Event: 44.706 loading class com/google/common/reflect/TypeToken done
Event: 44.709 loading class com/google/common/reflect/TypeCapture
Event: 44.709 loading class com/google/common/reflect/TypeCapture done
Event: 44.709 loading class com/android/utils/concurrency/ReadWriteProcessLock$1
Event: 44.709 loading class com/android/utils/concurrency/ReadWriteProcessLock$1 done
Event: 44.710 loading class com/android/utils/concurrency/ReadWriteProcessLock$2
Event: 44.710 loading class com/android/utils/concurrency/ReadWriteProcessLock$2 done
Event: 44.711 loading class com/android/utils/concurrency/ReadWriteProcessLock$3
Event: 44.711 loading class com/android/utils/concurrency/ReadWriteProcessLock$3 done
Event: 44.711 loading class com/android/utils/concurrency/ReadWriteProcessLock$ReadLock
Event: 44.711 loading class com/android/utils/concurrency/ReadWriteProcessLock$ReadLock done
Event: 44.712 loading class com/android/utils/concurrency/ReadWriteProcessLock$WriteLock
Event: 44.712 loading class com/android/utils/concurrency/ReadWriteProcessLock$WriteLock done
Event: 44.713 loading class com/google/common/base/Verify
Event: 44.713 loading class com/google/common/base/Verify done
Event: 44.714 loading class com/google/common/base/VerifyException
Event: 44.714 loading class com/google/common/base/VerifyException done
Event: 44.717 loading class com/google/common/reflect/Invokable
Event: 44.717 loading class com/google/common/reflect/Invokable done


Dynamic libraries:
0x00007ff6b9e20000 - 0x00007ff6b9e2a000 	C:\Program Files\Android\Android Studio1\jbr\bin\java.exe
0x00007ffeff9b0000 - 0x00007ffeffbc4000 	C:\WINDOWS\SYSTEM32\ntdll.dll
0x00007ffefe130000 - 0x00007ffefe1f2000 	C:\WINDOWS\System32\KERNEL32.DLL
0x00007ffefd170000 - 0x00007ffefd50c000 	C:\WINDOWS\System32\KERNELBASE.dll
0x00007ffefcf90000 - 0x00007ffefd0a1000 	C:\WINDOWS\System32\ucrtbase.dll
0x00007ffee6be0000 - 0x00007ffee6bfb000 	C:\Program Files\Android\Android Studio1\jbr\bin\VCRUNTIME140.dll
0x00007ffef2530000 - 0x00007ffef2547000 	C:\Program Files\Android\Android Studio1\jbr\bin\jli.dll
0x00007ffefddd0000 - 0x00007ffefdf7b000 	C:\WINDOWS\System32\USER32.dll
0x00007ffefcf60000 - 0x00007ffefcf86000 	C:\WINDOWS\System32\win32u.dll
0x00007ffed7b10000 - 0x00007ffed7d9e000 	C:\WINDOWS\WinSxS\amd64_microsoft.windows.common-controls_6595b64144ccf1df_6.0.22621.608_none_a9444ca7c10bb01d\COMCTL32.dll
0x00007ffeff550000 - 0x00007ffeff579000 	C:\WINDOWS\System32\GDI32.dll
0x00007ffefd600000 - 0x00007ffefd713000 	C:\WINDOWS\System32\gdi32full.dll
0x00007ffefd720000 - 0x00007ffefd7ba000 	C:\WINDOWS\System32\msvcp_win.dll
0x00007ffeff100000 - 0x00007ffeff1a7000 	C:\WINDOWS\System32\msvcrt.dll
0x00007ffeff6a0000 - 0x00007ffeff6d1000 	C:\WINDOWS\System32\IMM32.DLL
0x00007ffeede10000 - 0x00007ffeede1c000 	C:\Program Files\Android\Android Studio1\jbr\bin\vcruntime140_1.dll
0x00007ffed4400000 - 0x00007ffed448d000 	C:\Program Files\Android\Android Studio1\jbr\bin\msvcp140.dll
0x00007ffe73ce0000 - 0x00007ffe7489c000 	C:\Program Files\Android\Android Studio1\jbr\bin\server\jvm.dll
0x00007ffeff580000 - 0x00007ffeff62e000 	C:\WINDOWS\System32\ADVAPI32.dll
0x00007ffeff370000 - 0x00007ffeff414000 	C:\WINDOWS\System32\sechost.dll
0x00007ffeff420000 - 0x00007ffeff537000 	C:\WINDOWS\System32\RPCRT4.dll
0x00007ffefdf80000 - 0x00007ffefdf88000 	C:\WINDOWS\System32\PSAPI.DLL
0x00007ffef9ae0000 - 0x00007ffef9ae9000 	C:\WINDOWS\SYSTEM32\WSOCK32.dll
0x00007ffef24d0000 - 0x00007ffef2504000 	C:\WINDOWS\SYSTEM32\WINMM.dll
0x00007ffef2730000 - 0x00007ffef273a000 	C:\WINDOWS\SYSTEM32\VERSION.dll
0x00007ffeff000000 - 0x00007ffeff071000 	C:\WINDOWS\System32\WS2_32.dll
0x00007ffefbe40000 - 0x00007ffefbe58000 	C:\WINDOWS\SYSTEM32\kernel.appcore.dll
0x00007ffee6b30000 - 0x00007ffee6b40000 	C:\Program Files\Android\Android Studio1\jbr\bin\verify.dll
0x00007ffefa630000 - 0x00007ffefa85e000 	C:\WINDOWS\SYSTEM32\DBGHELP.DLL
0x00007ffefe390000 - 0x00007ffefe719000 	C:\WINDOWS\System32\combase.dll
0x00007ffefe2b0000 - 0x00007ffefe387000 	C:\WINDOWS\System32\OLEAUT32.dll
0x00007ffeedf20000 - 0x00007ffeedf52000 	C:\WINDOWS\SYSTEM32\dbgcore.DLL
0x00007ffefd510000 - 0x00007ffefd58b000 	C:\WINDOWS\System32\bcryptPrimitives.dll
0x00007ffee22f0000 - 0x00007ffee2318000 	C:\Program Files\Android\Android Studio1\jbr\bin\java.dll
0x00007ffee6b00000 - 0x00007ffee6b0a000 	C:\Program Files\Android\Android Studio1\jbr\bin\jimage.dll
0x00007ffee5eb0000 - 0x00007ffee5ec8000 	C:\Program Files\Android\Android Studio1\jbr\bin\zip.dll
0x00007ffefe720000 - 0x00007ffefef10000 	C:\WINDOWS\System32\SHELL32.dll
0x00007ffefac90000 - 0x00007ffefb55d000 	C:\WINDOWS\SYSTEM32\windows.storage.dll
0x00007ffefb5a0000 - 0x00007ffefb6de000 	C:\WINDOWS\SYSTEM32\wintypes.dll
0x00007ffeff740000 - 0x00007ffeff831000 	C:\WINDOWS\System32\SHCORE.dll
0x00007ffefef70000 - 0x00007ffefefce000 	C:\WINDOWS\System32\shlwapi.dll
0x00007ffefcd20000 - 0x00007ffefcd41000 	C:\WINDOWS\SYSTEM32\profapi.dll
0x00007ffee2270000 - 0x00007ffee2289000 	C:\Program Files\Android\Android Studio1\jbr\bin\net.dll
0x00007ffef1f40000 - 0x00007ffef2077000 	C:\WINDOWS\SYSTEM32\WINHTTP.dll
0x00007ffefc2b0000 - 0x00007ffefc319000 	C:\WINDOWS\system32\mswsock.dll
0x00007ffee2250000 - 0x00007ffee2263000 	C:\Program Files\Android\Android Studio1\jbr\bin\nio.dll
0x00007ffee23f0000 - 0x00007ffee2417000 	C:\Users\lebol\.gradle\native\e1d6ef7f7dcc3fd88c89a11ec53ec762bb8ba0a96d01ffa2cd45eb1d1d8dd5c5\windows-amd64\native-platform.dll
0x00007ffeacec0000 - 0x00007ffead004000 	C:\Users\lebol\.gradle\native\0d407fdbe67a94daf76414ababcb853783967236a71b16ec16e742cd7a986fd3\windows-amd64\native-platform-file-events.dll
0x00007ffee6880000 - 0x00007ffee688a000 	C:\Program Files\Android\Android Studio1\jbr\bin\management.dll
0x00007ffee6250000 - 0x00007ffee625b000 	C:\Program Files\Android\Android Studio1\jbr\bin\management_ext.dll
0x00007ffefc520000 - 0x00007ffefc53b000 	C:\WINDOWS\SYSTEM32\CRYPTSP.dll
0x00007ffefbdb0000 - 0x00007ffefbde5000 	C:\WINDOWS\system32\rsaenh.dll
0x00007ffefc3b0000 - 0x00007ffefc3d8000 	C:\WINDOWS\SYSTEM32\USERENV.dll
0x00007ffefc6d0000 - 0x00007ffefc6f8000 	C:\WINDOWS\SYSTEM32\bcrypt.dll
0x00007ffefc510000 - 0x00007ffefc51c000 	C:\WINDOWS\SYSTEM32\CRYPTBASE.dll
0x00007ffefb960000 - 0x00007ffefb98d000 	C:\WINDOWS\SYSTEM32\IPHLPAPI.DLL
0x00007ffefeff0000 - 0x00007ffefeff9000 	C:\WINDOWS\System32\NSI.dll
0x00007ffef15f0000 - 0x00007ffef1609000 	C:\WINDOWS\SYSTEM32\dhcpcsvc6.DLL
0x00007ffef15d0000 - 0x00007ffef15ef000 	C:\WINDOWS\SYSTEM32\dhcpcsvc.DLL
0x00007ffefb9e0000 - 0x00007ffefbad3000 	C:\WINDOWS\SYSTEM32\DNSAPI.dll

dbghelp: loaded successfully - version: 4.0.5 - missing functions: none
symbol engine: initialized successfully - sym options: 0x614 - pdb path: .;C:\Program Files\Android\Android Studio1\jbr\bin;C:\WINDOWS\SYSTEM32;C:\WINDOWS\WinSxS\amd64_microsoft.windows.common-controls_6595b64144ccf1df_6.0.22621.608_none_a9444ca7c10bb01d;C:\Program Files\Android\Android Studio1\jbr\bin\server;C:\Users\lebol\.gradle\native\e1d6ef7f7dcc3fd88c89a11ec53ec762bb8ba0a96d01ffa2cd45eb1d1d8dd5c5\windows-amd64;C:\Users\lebol\.gradle\native\0d407fdbe67a94daf76414ababcb853783967236a71b16ec16e742cd7a986fd3\windows-amd64

VM Arguments:
jvm_args: --add-opens=java.base/java.util=ALL-UNNAMED --add-opens=java.base/java.lang=ALL-UNNAMED --add-opens=java.base/java.lang.invoke=ALL-UNNAMED --add-opens=java.base/java.util=ALL-UNNAMED --add-opens=java.prefs/java.util.prefs=ALL-UNNAMED --add-opens=java.prefs/java.util.prefs=ALL-UNNAMED --add-opens=java.base/java.nio.charset=ALL-UNNAMED --add-opens=java.base/java.net=ALL-UNNAMED --add-opens=java.base/java.util.concurrent.atomic=ALL-UNNAMED -Xmx2048m -Dfile.encoding=UTF-8 -Duser.country=ZA -Duser.language=en -Duser.variant 
java_command: org.gradle.launcher.daemon.bootstrap.GradleDaemon 7.5
java_class_path (initial): C:\Users\lebol\.gradle\wrapper\dists\gradle-7.5-bin\f1w0cc9nuo0eivz97x2xlu9sv\gradle-7.5\lib\gradle-launcher-7.5.jar
Launcher Type: SUN_STANDARD

[Global flags]
     intx CICompilerCount                          = 4                                         {product} {ergonomic}
     uint ConcGCThreads                            = 2                                         {product} {ergonomic}
     uint G1ConcRefinementThreads                  = 8                                         {product} {ergonomic}
   size_t G1HeapRegionSize                         = 1048576                                   {product} {ergonomic}
    uintx GCDrainStackTargetSize                   = 64                                        {product} {ergonomic}
   size_t InitialHeapSize                          = 132120576                                 {product} {ergonomic}
   size_t MarkStackSize                            = 4194304                                   {product} {ergonomic}
   size_t MaxHeapSize                              = 2147483648                                {product} {command line}
   size_t MaxNewSize                               = 1287651328                                {product} {ergonomic}
   size_t MinHeapDeltaBytes                        = 1048576                                   {product} {ergonomic}
    uintx NonNMethodCodeHeapSize                   = 5836300                                {pd product} {ergonomic}
    uintx NonProfiledCodeHeapSize                  = 122910970                              {pd product} {ergonomic}
    uintx ProfiledCodeHeapSize                     = 122910970                              {pd product} {ergonomic}
    uintx ReservedCodeCacheSize                    = 251658240                              {pd product} {ergonomic}
     bool SegmentedCodeCache                       = true                                      {product} {ergonomic}
     bool UseCompressedClassPointers               = true                                 {lp64_product} {ergonomic}
     bool UseCompressedOops                        = true                                 {lp64_product} {ergonomic}
     bool UseG1GC                                  = true                                      {product} {ergonomic}
     bool UseLargePagesIndividualAllocation        = false                                  {pd product} {ergonomic}

Logging:
Log output configuration:
 #0: stdout all=warning uptime,level,tags
 #1: stderr all=off uptime,level,tags

Environment Variables:
PATH=C:\WINDOWS\system32;C:\WINDOWS;C:\WINDOWS\System32\Wbem;C:\WINDOWS\System32\WindowsPowerShell\v1.0\;C:\WINDOWS\System32\OpenSSH\;C:\Users\lebol\AppData\Local\Microsoft\WindowsApps;
USERNAME=lebol
OS=Windows_NT
PROCESSOR_IDENTIFIER=Intel64 Family 6 Model 142 Stepping 10, GenuineIntel



---------------  S Y S T E M  ---------------

OS: Windows 11 , 64 bit Build 22621 (10.0.22621.1485)
OS uptime: 7 days 19:16 hours

CPU:total 8 (initial active 8) (4 cores per cpu, 2 threads per core) family 6 model 142 stepping 10 microcode 0xf0, cmov, cx8, fxsr, mmx, sse, sse2, sse3, ssse3, sse4.1, sse4.2, popcnt, avx, avx2, aes, clmul, erms, 3dnowpref, lzcnt, ht, tsc, tscinvbit, bmi1, bmi2, adx, fma

Memory: 4k page, system-wide physical 8035M (308M free)
TotalPageFile size 23180M (AvailPageFile size 3M)
current process WorkingSet (physical memory assigned to process): 427M, peak: 427M
current process commit charge ("private bytes"): 464M, peak: 464M

vm_info: OpenJDK 64-Bit Server VM (11.0.15+0-b2043.56-9505619) for windows-amd64 JRE (11.0.15+0-b2043.56-9505619), built on Jan 19 2023 02:48:00 by "builduser" with unknown MS VC++:1929

END.
