#
# There is insufficient memory for the Java Runtime Environment to continue.
# Native memory allocation (malloc) failed to allocate 1204176 bytes for Chunk::new
# Possible reasons:
#   The system is out of physical RAM or swap space
#   The process is running with CompressedOops enabled, and the Java Heap may be blocking the growth of the native heap
# Possible solutions:
#   Reduce memory load on the system
#   Increase physical memory or swap space
#   Check if swap backing store is full
#   Decrease Java heap size (-Xmx/-Xms)
#   Decrease number of Java threads
#   Decrease Java thread stack sizes (-Xss)
#   Set larger code cache with -XX:ReservedCodeCacheSize=
#   JVM is running with Unscaled Compressed Oops mode in which the Java heap is
#     placed in the first 4GB address space. The Java Heap base address is the
#     maximum limit for the native heap growth. Please use -XX:HeapBaseMinAddress
#     to set the Java Heap base and to place the Java Heap above 4GB virtual address.
# This output file may be truncated or incomplete.
#
#  Out of Memory Error (src/hotspot/share/memory/arena.cpp:197), pid=59736, tid=26872
#
# JRE version: OpenJDK Runtime Environment (11.0.15) (build 11.0.15+0-b2043.56-9505619)
# Java VM: OpenJDK 64-Bit Server VM (11.0.15+0-b2043.56-9505619, mixed mode, tiered, compressed oops, g1 gc, windows-amd64)
# No core dump will be written. Minidumps are not enabled by default on client versions of Windows
#

---------------  S U M M A R Y ------------

Command Line: --add-opens=java.base/java.util=ALL-UNNAMED --add-opens=java.base/java.lang=ALL-UNNAMED --add-opens=java.base/java.lang.invoke=ALL-UNNAMED --add-opens=java.base/java.util=ALL-UNNAMED --add-opens=java.prefs/java.util.prefs=ALL-UNNAMED --add-opens=java.prefs/java.util.prefs=ALL-UNNAMED --add-opens=java.base/java.nio.charset=ALL-UNNAMED --add-opens=java.base/java.net=ALL-UNNAMED --add-opens=java.base/java.util.concurrent.atomic=ALL-UNNAMED -Xmx2048m -Dfile.encoding=UTF-8 -Duser.country=ZA -Duser.language=en -Duser.variant org.gradle.launcher.daemon.bootstrap.GradleDaemon 7.5

Host: Intel(R) Core(TM) i5-8250U CPU @ 1.60GHz, 8 cores, 7G,  Windows 11 , 64 bit Build 22621 (10.0.22621.1485)
Time: Mon May  8 07:52:39 2023 South Africa Standard Time elapsed time: 9.807457 seconds (0d 0h 0m 9s)

---------------  T H R E A D  ---------------

Current thread (0x000002167b706000):  JavaThread "C2 CompilerThread0" daemon [_thread_in_native, id=26872, stack(0x000000d8d8400000,0x000000d8d8500000)]


Current CompileTask:
C2:   9807 2034   !   4       java.lang.ClassLoader::loadClass (122 bytes)

Stack: [0x000000d8d8400000,0x000000d8d8500000]
Native frames: (J=compiled Java code, j=interpreted, Vv=VM code, C=native code)
V  [jvm.dll+0x64135a]
V  [jvm.dll+0x7d39f9]
V  [jvm.dll+0x7d51b9]
V  [jvm.dll+0x7d58a3]
V  [jvm.dll+0x2691c5]
V  [jvm.dll+0xc1a5c]
V  [jvm.dll+0xc200c]
V  [jvm.dll+0x377462]
V  [jvm.dll+0x1b3732]
V  [jvm.dll+0x22163e]
V  [jvm.dll+0x220498]
V  [jvm.dll+0x19e851]
V  [jvm.dll+0x230479]
V  [jvm.dll+0x22e5ef]
V  [jvm.dll+0x794de1]
V  [jvm.dll+0x78dc24]
V  [jvm.dll+0x6400f6]
C  [ucrtbase.dll+0x29363]
C  [KERNEL32.DLL+0x1269d]
C  [ntdll.dll+0x5a9f8]


---------------  P R O C E S S  ---------------

Threads class SMR info:
_java_thread_list=0x000002167d8d8b70, length=23, elements={
0x00000216609bc800, 0x000002167ae71800, 0x000002167ae73800, 0x000002167b6ff800,
0x000002167b700800, 0x000002167b701800, 0x000002167b706000, 0x000002167b70c800,
0x000002167b718000, 0x000002167b87e000, 0x000002167d950000, 0x000002167cfd5800,
0x000002167ba4c800, 0x000002167cbef800, 0x000002167d822000, 0x000002167bba6800,
0x000002167bba7800, 0x000002167cc20000, 0x000002167da0f000, 0x000002167c6c1800,
0x000002167d7d3800, 0x000002167d7ce800, 0x000002167d7d5000
}

Java Threads: ( => current thread )
  0x00000216609bc800 JavaThread "main" [_thread_blocked, id=59208, stack(0x000000d8d7800000,0x000000d8d7900000)]
  0x000002167ae71800 JavaThread "Reference Handler" daemon [_thread_blocked, id=51056, stack(0x000000d8d7f00000,0x000000d8d8000000)]
  0x000002167ae73800 JavaThread "Finalizer" daemon [_thread_blocked, id=38720, stack(0x000000d8d8000000,0x000000d8d8100000)]
  0x000002167b6ff800 JavaThread "Signal Dispatcher" daemon [_thread_blocked, id=58444, stack(0x000000d8d8100000,0x000000d8d8200000)]
  0x000002167b700800 JavaThread "Attach Listener" daemon [_thread_blocked, id=54736, stack(0x000000d8d8200000,0x000000d8d8300000)]
  0x000002167b701800 JavaThread "Service Thread" daemon [_thread_blocked, id=30688, stack(0x000000d8d8300000,0x000000d8d8400000)]
=>0x000002167b706000 JavaThread "C2 CompilerThread0" daemon [_thread_in_native, id=26872, stack(0x000000d8d8400000,0x000000d8d8500000)]
  0x000002167b70c800 JavaThread "C1 CompilerThread0" daemon [_thread_blocked, id=55052, stack(0x000000d8d8500000,0x000000d8d8600000)]
  0x000002167b718000 JavaThread "Sweeper thread" daemon [_thread_blocked, id=57764, stack(0x000000d8d8600000,0x000000d8d8700000)]
  0x000002167b87e000 JavaThread "Common-Cleaner" daemon [_thread_blocked, id=58704, stack(0x000000d8d8700000,0x000000d8d8800000)]
  0x000002167d950000 JavaThread "Daemon health stats" [_thread_blocked, id=59524, stack(0x000000d8d8b00000,0x000000d8d8c00000)]
  0x000002167cfd5800 JavaThread "Incoming local TCP Connector on port 55811" [_thread_in_native, id=59940, stack(0x000000d8d8c00000,0x000000d8d8d00000)]
  0x000002167ba4c800 JavaThread "Daemon periodic checks" [_thread_blocked, id=29812, stack(0x000000d8d8d00000,0x000000d8d8e00000)]
  0x000002167cbef800 JavaThread "Daemon" [_thread_blocked, id=60632, stack(0x000000d8d8e00000,0x000000d8d8f00000)]
  0x000002167d822000 JavaThread "Handler for socket connection from /127.0.0.1:55811 to /127.0.0.1:55812" [_thread_in_native, id=34024, stack(0x000000d8d8f00000,0x000000d8d9000000)]
  0x000002167bba6800 JavaThread "Cancel handler" [_thread_blocked, id=56884, stack(0x000000d8d9000000,0x000000d8d9100000)]
  0x000002167bba7800 JavaThread "Daemon worker" [_thread_in_Java, id=30500, stack(0x000000d8d9100000,0x000000d8d9200000)]
  0x000002167cc20000 JavaThread "Asynchronous log dispatcher for DefaultDaemonConnection: socket connection from /127.0.0.1:55811 to /127.0.0.1:55812" [_thread_blocked, id=64712, stack(0x000000d8d9200000,0x000000d8d9300000)]
  0x000002167da0f000 JavaThread "Stdin handler" [_thread_blocked, id=45120, stack(0x000000d8d9300000,0x000000d8d9400000)]
  0x000002167c6c1800 JavaThread "Daemon client event forwarder" [_thread_blocked, id=25816, stack(0x000000d8d9400000,0x000000d8d9500000)]
  0x000002167d7d3800 JavaThread "Cache worker for journal cache (C:\Users\lebol\.gradle\caches\journal-1)" [_thread_blocked, id=35372, stack(0x000000d8d9500000,0x000000d8d9600000)]
  0x000002167d7ce800 JavaThread "File lock request listener" [_thread_in_native, id=49668, stack(0x000000d8d9b00000,0x000000d8d9c00000)]
  0x000002167d7d5000 JavaThread "Cache worker for file hash cache (C:\Users\lebol\.gradle\caches\7.5\fileHashes)" [_thread_blocked, id=63120, stack(0x000000d8d9c00000,0x000000d8d9d00000)]

Other Threads:
  0x000002167b6b4800 VMThread "VM Thread" [stack: 0x000000d8d7e00000,0x000000d8d7f00000] [id=55000]
  0x000002167b8b8000 WatcherThread [stack: 0x000000d8d8800000,0x000000d8d8900000] [id=50928]
  0x00000216609d7800 GCTaskThread "GC Thread#0" [stack: 0x000000d8d7900000,0x000000d8d7a00000] [id=26796]
  0x000002167c679000 GCTaskThread "GC Thread#1" [stack: 0x000000d8d8900000,0x000000d8d8a00000] [id=63724]
  0x000002167bd85800 GCTaskThread "GC Thread#2" [stack: 0x000000d8d8a00000,0x000000d8d8b00000] [id=37976]
  0x000002167c808800 GCTaskThread "GC Thread#3" [stack: 0x000000d8d9600000,0x000000d8d9700000] [id=61888]
  0x000002167bbc8000 GCTaskThread "GC Thread#4" [stack: 0x000000d8d9700000,0x000000d8d9800000] [id=59236]
  0x000002167bbb5000 GCTaskThread "GC Thread#5" [stack: 0x000000d8d9800000,0x000000d8d9900000] [id=63524]
  0x000002167ca14800 GCTaskThread "GC Thread#6" [stack: 0x000000d8d9900000,0x000000d8d9a00000] [id=48460]
  0x000002167bd7f800 GCTaskThread "GC Thread#7" [stack: 0x000000d8d9a00000,0x000000d8d9b00000] [id=65156]
  0x0000021660a09800 ConcurrentGCThread "G1 Main Marker" [stack: 0x000000d8d7a00000,0x000000d8d7b00000] [id=45576]
  0x0000021660a0b800 ConcurrentGCThread "G1 Conc#0" [stack: 0x000000d8d7b00000,0x000000d8d7c00000] [id=17008]
  0x000002167c78f000 ConcurrentGCThread "G1 Conc#1" [stack: 0x000000d8d9d00000,0x000000d8d9e00000] [id=62924]
  0x0000021660a8e000 ConcurrentGCThread "G1 Refine#0" [stack: 0x000000d8d7c00000,0x000000d8d7d00000] [id=61168]
  0x000002167ace1800 ConcurrentGCThread "G1 Young RemSet Sampling" [stack: 0x000000d8d7d00000,0x000000d8d7e00000] [id=37784]

Threads with active compile tasks:
C2 CompilerThread0     9892 2034   !   4       java.lang.ClassLoader::loadClass (122 bytes)

VM state:not at safepoint (normal execution)

VM Mutex/Monitor currently owned by a thread: None

Heap address: 0x0000000080000000, size: 2048 MB, Compressed Oops mode: 32-bit
Narrow klass base: 0x0000000000000000, Narrow klass shift: 3
Compressed class space size: 1073741824 Address: 0x0000000100000000

Heap:
 garbage-first heap   total 129024K, used 47894K [0x0000000080000000, 0x0000000100000000)
  region size 1024K, 33 young (33792K), 2 survivors (2048K)
 Metaspace       used 24115K, capacity 24677K, committed 24828K, reserved 1071104K
  class space    used 3056K, capacity 3283K, committed 3404K, reserved 1048576K
Heap Regions: E=young(eden), S=young(survivor), O=old, HS=humongous(starts), HC=humongous(continues), CS=collection set, F=free, A=archive, TAMS=top-at-mark-start (previous, next)
|   0|0x0000000080000000, 0x0000000080100000, 0x0000000080100000|100%| O|  |TAMS 0x0000000080100000, 0x0000000080000000| Untracked 
|   1|0x0000000080100000, 0x0000000080200000, 0x0000000080200000|100%| O|  |TAMS 0x0000000080200000, 0x0000000080100000| Untracked 
|   2|0x0000000080200000, 0x0000000080300000, 0x0000000080300000|100%| O|  |TAMS 0x0000000080300000, 0x0000000080200000| Untracked 
|   3|0x0000000080300000, 0x0000000080400000, 0x0000000080400000|100%|HS|  |TAMS 0x0000000080400000, 0x0000000080300000| Complete 
|   4|0x0000000080400000, 0x0000000080500000, 0x0000000080500000|100%|HC|  |TAMS 0x0000000080500000, 0x0000000080400000| Complete 
|   5|0x0000000080500000, 0x0000000080600000, 0x0000000080600000|100%|HC|  |TAMS 0x0000000080600000, 0x0000000080500000| Complete 
|   6|0x0000000080600000, 0x0000000080700000, 0x0000000080700000|100%| O|  |TAMS 0x0000000080700000, 0x0000000080600000| Untracked 
|   7|0x0000000080700000, 0x0000000080800000, 0x0000000080800000|100%| O|  |TAMS 0x0000000080800000, 0x0000000080700000| Untracked 
|   8|0x0000000080800000, 0x0000000080900000, 0x0000000080900000|100%| O|  |TAMS 0x0000000080900000, 0x0000000080800000| Untracked 
|   9|0x0000000080900000, 0x0000000080a00000, 0x0000000080a00000|100%| O|  |TAMS 0x0000000080a00000, 0x0000000080900000| Untracked 
|  10|0x0000000080a00000, 0x0000000080b00000, 0x0000000080b00000|100%| O|  |TAMS 0x0000000080b00000, 0x0000000080a00000| Untracked 
|  11|0x0000000080b00000, 0x0000000080c00000, 0x0000000080c00000|100%| O|  |TAMS 0x0000000080c00000, 0x0000000080b00000| Untracked 
|  12|0x0000000080c00000, 0x0000000080d00000, 0x0000000080d00000|100%| O|  |TAMS 0x0000000080d00000, 0x0000000080c00000| Untracked 
|  13|0x0000000080d00000, 0x0000000080e00000, 0x0000000080e00000|100%| O|  |TAMS 0x0000000080e00000, 0x0000000080d00000| Untracked 
|  14|0x0000000080e00000, 0x0000000080f00000, 0x0000000080f00000|100%| O|  |TAMS 0x0000000080f00000, 0x0000000080e00000| Untracked 
|  15|0x0000000080f00000, 0x0000000080f92600, 0x0000000081000000| 57%| O|  |TAMS 0x0000000080f92600, 0x0000000080f00000| Untracked 
|  16|0x0000000081000000, 0x0000000081000000, 0x0000000081100000|  0%| F|  |TAMS 0x0000000081000000, 0x0000000081000000| Untracked 
|  17|0x0000000081100000, 0x0000000081100000, 0x0000000081200000|  0%| F|  |TAMS 0x0000000081100000, 0x0000000081100000| Untracked 
|  18|0x0000000081200000, 0x0000000081200000, 0x0000000081300000|  0%| F|  |TAMS 0x0000000081200000, 0x0000000081200000| Untracked 
|  19|0x0000000081300000, 0x0000000081300000, 0x0000000081400000|  0%| F|  |TAMS 0x0000000081300000, 0x0000000081300000| Untracked 
|  20|0x0000000081400000, 0x0000000081400000, 0x0000000081500000|  0%| F|  |TAMS 0x0000000081400000, 0x0000000081400000| Untracked 
|  21|0x0000000081500000, 0x0000000081500000, 0x0000000081600000|  0%| F|  |TAMS 0x0000000081500000, 0x0000000081500000| Untracked 
|  22|0x0000000081600000, 0x0000000081600000, 0x0000000081700000|  0%| F|  |TAMS 0x0000000081600000, 0x0000000081600000| Untracked 
|  23|0x0000000081700000, 0x0000000081700000, 0x0000000081800000|  0%| F|  |TAMS 0x0000000081700000, 0x0000000081700000| Untracked 
|  24|0x0000000081800000, 0x0000000081800000, 0x0000000081900000|  0%| F|  |TAMS 0x0000000081800000, 0x0000000081800000| Untracked 
|  25|0x0000000081900000, 0x0000000081900000, 0x0000000081a00000|  0%| F|  |TAMS 0x0000000081900000, 0x0000000081900000| Untracked 
|  26|0x0000000081a00000, 0x0000000081a00000, 0x0000000081b00000|  0%| F|  |TAMS 0x0000000081a00000, 0x0000000081a00000| Untracked 
|  27|0x0000000081b00000, 0x0000000081b00000, 0x0000000081c00000|  0%| F|  |TAMS 0x0000000081b00000, 0x0000000081b00000| Untracked 
|  28|0x0000000081c00000, 0x0000000081c00000, 0x0000000081d00000|  0%| F|  |TAMS 0x0000000081c00000, 0x0000000081c00000| Untracked 
|  29|0x0000000081d00000, 0x0000000081d00000, 0x0000000081e00000|  0%| F|  |TAMS 0x0000000081d00000, 0x0000000081d00000| Untracked 
|  30|0x0000000081e00000, 0x0000000081e00000, 0x0000000081f00000|  0%| F|  |TAMS 0x0000000081e00000, 0x0000000081e00000| Untracked 
|  31|0x0000000081f00000, 0x0000000081f00000, 0x0000000082000000|  0%| F|  |TAMS 0x0000000081f00000, 0x0000000081f00000| Untracked 
|  32|0x0000000082000000, 0x0000000082000000, 0x0000000082100000|  0%| F|  |TAMS 0x0000000082000000, 0x0000000082000000| Untracked 
|  33|0x0000000082100000, 0x0000000082100000, 0x0000000082200000|  0%| F|  |TAMS 0x0000000082100000, 0x0000000082100000| Untracked 
|  34|0x0000000082200000, 0x0000000082200000, 0x0000000082300000|  0%| F|  |TAMS 0x0000000082200000, 0x0000000082200000| Untracked 
|  35|0x0000000082300000, 0x0000000082300000, 0x0000000082400000|  0%| F|  |TAMS 0x0000000082300000, 0x0000000082300000| Untracked 
|  36|0x0000000082400000, 0x0000000082400000, 0x0000000082500000|  0%| F|  |TAMS 0x0000000082400000, 0x0000000082400000| Untracked 
|  37|0x0000000082500000, 0x0000000082500000, 0x0000000082600000|  0%| F|  |TAMS 0x0000000082500000, 0x0000000082500000| Untracked 
|  38|0x0000000082600000, 0x0000000082600000, 0x0000000082700000|  0%| F|  |TAMS 0x0000000082600000, 0x0000000082600000| Untracked 
|  39|0x0000000082700000, 0x0000000082700000, 0x0000000082800000|  0%| F|  |TAMS 0x0000000082700000, 0x0000000082700000| Untracked 
|  40|0x0000000082800000, 0x0000000082800000, 0x0000000082900000|  0%| F|  |TAMS 0x0000000082800000, 0x0000000082800000| Untracked 
|  41|0x0000000082900000, 0x0000000082900000, 0x0000000082a00000|  0%| F|  |TAMS 0x0000000082900000, 0x0000000082900000| Untracked 
|  42|0x0000000082a00000, 0x0000000082a00000, 0x0000000082b00000|  0%| F|  |TAMS 0x0000000082a00000, 0x0000000082a00000| Untracked 
|  43|0x0000000082b00000, 0x0000000082b00000, 0x0000000082c00000|  0%| F|  |TAMS 0x0000000082b00000, 0x0000000082b00000| Untracked 
|  44|0x0000000082c00000, 0x0000000082c00000, 0x0000000082d00000|  0%| F|  |TAMS 0x0000000082c00000, 0x0000000082c00000| Untracked 
|  45|0x0000000082d00000, 0x0000000082d00000, 0x0000000082e00000|  0%| F|  |TAMS 0x0000000082d00000, 0x0000000082d00000| Untracked 
|  46|0x0000000082e00000, 0x0000000082e00000, 0x0000000082f00000|  0%| F|  |TAMS 0x0000000082e00000, 0x0000000082e00000| Untracked 
|  47|0x0000000082f00000, 0x0000000082f00000, 0x0000000083000000|  0%| F|  |TAMS 0x0000000082f00000, 0x0000000082f00000| Untracked 
|  48|0x0000000083000000, 0x0000000083000000, 0x0000000083100000|  0%| F|  |TAMS 0x0000000083000000, 0x0000000083000000| Untracked 
|  49|0x0000000083100000, 0x0000000083100000, 0x0000000083200000|  0%| F|  |TAMS 0x0000000083100000, 0x0000000083100000| Untracked 
|  50|0x0000000083200000, 0x0000000083200000, 0x0000000083300000|  0%| F|  |TAMS 0x0000000083200000, 0x0000000083200000| Untracked 
|  51|0x0000000083300000, 0x0000000083300000, 0x0000000083400000|  0%| F|  |TAMS 0x0000000083300000, 0x0000000083300000| Untracked 
|  52|0x0000000083400000, 0x0000000083400000, 0x0000000083500000|  0%| F|  |TAMS 0x0000000083400000, 0x0000000083400000| Untracked 
|  53|0x0000000083500000, 0x0000000083500000, 0x0000000083600000|  0%| F|  |TAMS 0x0000000083500000, 0x0000000083500000| Untracked 
|  54|0x0000000083600000, 0x0000000083600000, 0x0000000083700000|  0%| F|  |TAMS 0x0000000083600000, 0x0000000083600000| Untracked 
|  55|0x0000000083700000, 0x0000000083700000, 0x0000000083800000|  0%| F|  |TAMS 0x0000000083700000, 0x0000000083700000| Untracked 
|  56|0x0000000083800000, 0x0000000083800000, 0x0000000083900000|  0%| F|  |TAMS 0x0000000083800000, 0x0000000083800000| Untracked 
|  57|0x0000000083900000, 0x0000000083900000, 0x0000000083a00000|  0%| F|  |TAMS 0x0000000083900000, 0x0000000083900000| Untracked 
|  58|0x0000000083a00000, 0x0000000083a00000, 0x0000000083b00000|  0%| F|  |TAMS 0x0000000083a00000, 0x0000000083a00000| Untracked 
|  59|0x0000000083b00000, 0x0000000083b00000, 0x0000000083c00000|  0%| F|  |TAMS 0x0000000083b00000, 0x0000000083b00000| Untracked 
|  60|0x0000000083c00000, 0x0000000083c00000, 0x0000000083d00000|  0%| F|  |TAMS 0x0000000083c00000, 0x0000000083c00000| Untracked 
|  61|0x0000000083d00000, 0x0000000083d00000, 0x0000000083e00000|  0%| F|  |TAMS 0x0000000083d00000, 0x0000000083d00000| Untracked 
|  62|0x0000000083e00000, 0x0000000083e00000, 0x0000000083f00000|  0%| F|  |TAMS 0x0000000083e00000, 0x0000000083e00000| Untracked 
|  63|0x0000000083f00000, 0x0000000083f00000, 0x0000000084000000|  0%| F|  |TAMS 0x0000000083f00000, 0x0000000083f00000| Untracked 
|  64|0x0000000084000000, 0x0000000084000000, 0x0000000084100000|  0%| F|  |TAMS 0x0000000084000000, 0x0000000084000000| Untracked 
|  65|0x0000000084100000, 0x0000000084100000, 0x0000000084200000|  0%| F|  |TAMS 0x0000000084100000, 0x0000000084100000| Untracked 
|  66|0x0000000084200000, 0x0000000084200000, 0x0000000084300000|  0%| F|  |TAMS 0x0000000084200000, 0x0000000084200000| Untracked 
|  67|0x0000000084300000, 0x0000000084300000, 0x0000000084400000|  0%| F|  |TAMS 0x0000000084300000, 0x0000000084300000| Untracked 
|  68|0x0000000084400000, 0x0000000084400000, 0x0000000084500000|  0%| F|  |TAMS 0x0000000084400000, 0x0000000084400000| Untracked 
|  69|0x0000000084500000, 0x0000000084500000, 0x0000000084600000|  0%| F|  |TAMS 0x0000000084500000, 0x0000000084500000| Untracked 
|  70|0x0000000084600000, 0x0000000084600000, 0x0000000084700000|  0%| F|  |TAMS 0x0000000084600000, 0x0000000084600000| Untracked 
|  71|0x0000000084700000, 0x0000000084700000, 0x0000000084800000|  0%| F|  |TAMS 0x0000000084700000, 0x0000000084700000| Untracked 
|  72|0x0000000084800000, 0x0000000084800000, 0x0000000084900000|  0%| F|  |TAMS 0x0000000084800000, 0x0000000084800000| Untracked 
|  73|0x0000000084900000, 0x0000000084900000, 0x0000000084a00000|  0%| F|  |TAMS 0x0000000084900000, 0x0000000084900000| Untracked 
|  74|0x0000000084a00000, 0x0000000084a00000, 0x0000000084b00000|  0%| F|  |TAMS 0x0000000084a00000, 0x0000000084a00000| Untracked 
|  75|0x0000000084b00000, 0x0000000084b00000, 0x0000000084c00000|  0%| F|  |TAMS 0x0000000084b00000, 0x0000000084b00000| Untracked 
|  76|0x0000000084c00000, 0x0000000084c00000, 0x0000000084d00000|  0%| F|  |TAMS 0x0000000084c00000, 0x0000000084c00000| Untracked 
|  77|0x0000000084d00000, 0x0000000084d00000, 0x0000000084e00000|  0%| F|  |TAMS 0x0000000084d00000, 0x0000000084d00000| Untracked 
|  78|0x0000000084e00000, 0x0000000084e00000, 0x0000000084f00000|  0%| F|  |TAMS 0x0000000084e00000, 0x0000000084e00000| Untracked 
|  79|0x0000000084f00000, 0x0000000084f00000, 0x0000000085000000|  0%| F|  |TAMS 0x0000000084f00000, 0x0000000084f00000| Untracked 
|  80|0x0000000085000000, 0x0000000085000000, 0x0000000085100000|  0%| F|  |TAMS 0x0000000085000000, 0x0000000085000000| Untracked 
|  81|0x0000000085100000, 0x0000000085100000, 0x0000000085200000|  0%| F|  |TAMS 0x0000000085100000, 0x0000000085100000| Untracked 
|  82|0x0000000085200000, 0x0000000085200000, 0x0000000085300000|  0%| F|  |TAMS 0x0000000085200000, 0x0000000085200000| Untracked 
|  83|0x0000000085300000, 0x0000000085300000, 0x0000000085400000|  0%| F|  |TAMS 0x0000000085300000, 0x0000000085300000| Untracked 
|  84|0x0000000085400000, 0x0000000085400000, 0x0000000085500000|  0%| F|  |TAMS 0x0000000085400000, 0x0000000085400000| Untracked 
|  85|0x0000000085500000, 0x0000000085500000, 0x0000000085600000|  0%| F|  |TAMS 0x0000000085500000, 0x0000000085500000| Untracked 
|  86|0x0000000085600000, 0x0000000085600000, 0x0000000085700000|  0%| F|  |TAMS 0x0000000085600000, 0x0000000085600000| Untracked 
|  87|0x0000000085700000, 0x0000000085700000, 0x0000000085800000|  0%| F|  |TAMS 0x0000000085700000, 0x0000000085700000| Untracked 
|  88|0x0000000085800000, 0x0000000085800000, 0x0000000085900000|  0%| F|  |TAMS 0x0000000085800000, 0x0000000085800000| Untracked 
|  89|0x0000000085900000, 0x0000000085900000, 0x0000000085a00000|  0%| F|  |TAMS 0x0000000085900000, 0x0000000085900000| Untracked 
|  90|0x0000000085a00000, 0x0000000085a00000, 0x0000000085b00000|  0%| F|  |TAMS 0x0000000085a00000, 0x0000000085a00000| Untracked 
|  91|0x0000000085b00000, 0x0000000085b00000, 0x0000000085c00000|  0%| F|  |TAMS 0x0000000085b00000, 0x0000000085b00000| Untracked 
|  92|0x0000000085c00000, 0x0000000085c00000, 0x0000000085d00000|  0%| F|  |TAMS 0x0000000085c00000, 0x0000000085c00000| Untracked 
|  93|0x0000000085d00000, 0x0000000085d45e88, 0x0000000085e00000| 27%| E|  |TAMS 0x0000000085d00000, 0x0000000085d00000| Complete 
|  94|0x0000000085e00000, 0x0000000085f00000, 0x0000000085f00000|100%| E|CS|TAMS 0x0000000085e00000, 0x0000000085e00000| Complete 
|  95|0x0000000085f00000, 0x0000000086000000, 0x0000000086000000|100%| E|CS|TAMS 0x0000000085f00000, 0x0000000085f00000| Complete 
|  96|0x0000000086000000, 0x0000000086100000, 0x0000000086100000|100%| E|CS|TAMS 0x0000000086000000, 0x0000000086000000| Complete 
|  97|0x0000000086100000, 0x0000000086200000, 0x0000000086200000|100%| E|CS|TAMS 0x0000000086100000, 0x0000000086100000| Complete 
|  98|0x0000000086200000, 0x0000000086300000, 0x0000000086300000|100%| E|CS|TAMS 0x0000000086200000, 0x0000000086200000| Complete 
|  99|0x0000000086300000, 0x0000000086400000, 0x0000000086400000|100%| E|CS|TAMS 0x0000000086300000, 0x0000000086300000| Complete 
| 100|0x0000000086400000, 0x0000000086433590, 0x0000000086500000| 20%| S|CS|TAMS 0x0000000086400000, 0x0000000086400000| Complete 
| 101|0x0000000086500000, 0x0000000086600000, 0x0000000086600000|100%| S|CS|TAMS 0x0000000086500000, 0x0000000086500000| Complete 
| 102|0x0000000086600000, 0x0000000086700000, 0x0000000086700000|100%| E|CS|TAMS 0x0000000086600000, 0x0000000086600000| Complete 
| 103|0x0000000086700000, 0x0000000086800000, 0x0000000086800000|100%| E|CS|TAMS 0x0000000086700000, 0x0000000086700000| Complete 
| 104|0x0000000086800000, 0x0000000086900000, 0x0000000086900000|100%| E|CS|TAMS 0x0000000086800000, 0x0000000086800000| Complete 
| 105|0x0000000086900000, 0x0000000086a00000, 0x0000000086a00000|100%| E|CS|TAMS 0x0000000086900000, 0x0000000086900000| Complete 
| 106|0x0000000086a00000, 0x0000000086b00000, 0x0000000086b00000|100%| E|CS|TAMS 0x0000000086a00000, 0x0000000086a00000| Complete 
| 107|0x0000000086b00000, 0x0000000086c00000, 0x0000000086c00000|100%| E|CS|TAMS 0x0000000086b00000, 0x0000000086b00000| Complete 
| 108|0x0000000086c00000, 0x0000000086d00000, 0x0000000086d00000|100%| E|CS|TAMS 0x0000000086c00000, 0x0000000086c00000| Complete 
| 109|0x0000000086d00000, 0x0000000086e00000, 0x0000000086e00000|100%| E|CS|TAMS 0x0000000086d00000, 0x0000000086d00000| Complete 
| 110|0x0000000086e00000, 0x0000000086f00000, 0x0000000086f00000|100%| E|CS|TAMS 0x0000000086e00000, 0x0000000086e00000| Complete 
| 111|0x0000000086f00000, 0x0000000087000000, 0x0000000087000000|100%| E|CS|TAMS 0x0000000086f00000, 0x0000000086f00000| Complete 
| 112|0x0000000087000000, 0x0000000087100000, 0x0000000087100000|100%| E|CS|TAMS 0x0000000087000000, 0x0000000087000000| Complete 
| 113|0x0000000087100000, 0x0000000087200000, 0x0000000087200000|100%| E|CS|TAMS 0x0000000087100000, 0x0000000087100000| Complete 
| 114|0x0000000087200000, 0x0000000087300000, 0x0000000087300000|100%| E|CS|TAMS 0x0000000087200000, 0x0000000087200000| Complete 
| 115|0x0000000087300000, 0x0000000087400000, 0x0000000087400000|100%| E|CS|TAMS 0x0000000087300000, 0x0000000087300000| Complete 
| 116|0x0000000087400000, 0x0000000087500000, 0x0000000087500000|100%| E|CS|TAMS 0x0000000087400000, 0x0000000087400000| Complete 
| 117|0x0000000087500000, 0x0000000087600000, 0x0000000087600000|100%| E|CS|TAMS 0x0000000087500000, 0x0000000087500000| Complete 
| 118|0x0000000087600000, 0x0000000087700000, 0x0000000087700000|100%| E|CS|TAMS 0x0000000087600000, 0x0000000087600000| Complete 
| 119|0x0000000087700000, 0x0000000087800000, 0x0000000087800000|100%| E|CS|TAMS 0x0000000087700000, 0x0000000087700000| Complete 
| 120|0x0000000087800000, 0x0000000087900000, 0x0000000087900000|100%| E|CS|TAMS 0x0000000087800000, 0x0000000087800000| Complete 
| 121|0x0000000087900000, 0x0000000087a00000, 0x0000000087a00000|100%| E|CS|TAMS 0x0000000087900000, 0x0000000087900000| Complete 
| 122|0x0000000087a00000, 0x0000000087b00000, 0x0000000087b00000|100%| E|CS|TAMS 0x0000000087a00000, 0x0000000087a00000| Complete 
| 123|0x0000000087b00000, 0x0000000087c00000, 0x0000000087c00000|100%| E|CS|TAMS 0x0000000087b00000, 0x0000000087b00000| Complete 
| 124|0x0000000087c00000, 0x0000000087d00000, 0x0000000087d00000|100%| E|CS|TAMS 0x0000000087c00000, 0x0000000087c00000| Complete 
| 125|0x0000000087d00000, 0x0000000087e00000, 0x0000000087e00000|100%| E|CS|TAMS 0x0000000087d00000, 0x0000000087d00000| Complete 

Card table byte_map: [0x0000021673c10000,0x0000021674010000] _byte_map_base: 0x0000021673810000

Marking Bits (Prev, Next): (CMBitMap*) 0x0000021660a008a0, (CMBitMap*) 0x0000021660a00868
 Prev Bits: [0x0000021676410000, 0x0000021678410000)
 Next Bits: [0x0000021674410000, 0x0000021676410000)

Polling page: 0x0000021660190000

Metaspace:

Usage:
  Non-class:     20.89 MB capacity,    20.58 MB ( 99%) used,   269.62 KB (  1%) free+waste,    45.44 KB ( <1%) overhead. 
      Class:      3.21 MB capacity,     2.99 MB ( 93%) used,   199.23 KB (  6%) free+waste,    22.94 KB ( <1%) overhead. 
       Both:     24.10 MB capacity,    23.57 MB ( 98%) used,   468.86 KB (  2%) free+waste,    68.38 KB ( <1%) overhead. 

Virtual space:
  Non-class space:       22.00 MB reserved,      20.92 MB ( 95%) committed 
      Class space:        1.00 GB reserved,       3.32 MB ( <1%) committed 
             Both:        1.02 GB reserved,      24.25 MB (  2%) committed 

Chunk freelists:
   Non-Class:  30.00 KB
       Class:  13.00 KB
        Both:  43.00 KB

MaxMetaspaceSize: 17179869184.00 GB
CompressedClassSpaceSize: 1.00 GB
Initial GC threshold: 20.80 MB
Current GC threshold: 35.20 MB
CDS: off

CodeHeap 'non-profiled nmethods': size=120000Kb used=974Kb max_used=974Kb free=119025Kb
 bounds [0x000002166bfb0000, 0x000002166c220000, 0x00000216734e0000]
CodeHeap 'profiled nmethods': size=120000Kb used=4582Kb max_used=4582Kb free=115417Kb
 bounds [0x0000021664a80000, 0x0000021664f00000, 0x000002166bfb0000]
CodeHeap 'non-nmethods': size=5760Kb used=1226Kb max_used=1234Kb free=4533Kb
 bounds [0x00000216644e0000, 0x0000021664750000, 0x0000021664a80000]
 total_blobs=2641 nmethods=2138 adapters=415
 compilation: enabled
              stopped_count=0, restarted_count=0
 full_count=0

Compilation events (20 events):
Event: 9.663 Thread 0x000002167b70c800 nmethod 2104 0x000002166c0a0790 code [0x000002166c0a0940, 0x000002166c0a09f8]
Event: 9.695 Thread 0x000002167b70c800 2105       3       java.util.concurrent.ConcurrentHashMap::get (162 bytes)
Event: 9.696 Thread 0x000002167b70c800 nmethod 2105 0x0000021664ece490 code [0x0000021664ece700, 0x0000021664ecf3b8]
Event: 9.783 Thread 0x000002167b70c800 2106       3       java.lang.invoke.MethodHandles$Lookup::findBoundCallerLookup (26 bytes)
Event: 9.785 Thread 0x000002167b70c800 nmethod 2106 0x0000021664ecf710 code [0x0000021664ecf940, 0x0000021664ed0138]
Event: 9.785 Thread 0x000002167b70c800 2107       3       java.lang.invoke.MethodHandles$Lookup::getDirectMethodCommon (275 bytes)
Event: 9.788 Thread 0x000002167b70c800 nmethod 2107 0x0000021664ed0390 code [0x0000021664ed06e0, 0x0000021664ed1958]
Event: 9.788 Thread 0x000002167b70c800 2109       3       jdk.internal.org.objectweb.asm.AnnotationVisitor::<init> (35 bytes)
Event: 9.788 Thread 0x000002167b70c800 nmethod 2109 0x0000021664ed1f90 code [0x0000021664ed2160, 0x0000021664ed2448]
Event: 9.788 Thread 0x000002167b70c800 2108       3       java.lang.invoke.MethodHandles$Lookup::maybeBindCaller (47 bytes)
Event: 9.790 Thread 0x000002167b70c800 nmethod 2108 0x0000021664ed2590 code [0x0000021664ed27e0, 0x0000021664ed30c8]
Event: 9.790 Thread 0x000002167b70c800 2110       3       jdk.internal.org.objectweb.asm.AnnotationWriter::visitEnd (43 bytes)
Event: 9.790 Thread 0x000002167b70c800 nmethod 2110 0x0000021664ed3410 code [0x0000021664ed35c0, 0x0000021664ed3758]
Event: 9.793 Thread 0x000002167b70c800 2111       3       java.lang.invoke.TypeConvertingMethodAdapter::convertType (299 bytes)
Event: 9.801 Thread 0x000002167b70c800 nmethod 2111 0x0000021664ed3890 code [0x0000021664ed41e0, 0x0000021664ed8fe8]
Event: 9.801 Thread 0x000002167b70c800 2113       3       java.lang.invoke.InnerClassLambdaMetafactory::getOpcodeOffset (38 bytes)
Event: 9.802 Thread 0x000002167b70c800 nmethod 2113 0x0000021664edac90 code [0x0000021664edae60, 0x0000021664edb0d8]
Event: 9.802 Thread 0x000002167b70c800 2115       3       sun.invoke.util.Wrapper::isSubwordOrInt (20 bytes)
Event: 9.803 Thread 0x000002167b70c800 nmethod 2115 0x0000021664edb190 code [0x0000021664edb360, 0x0000021664edb778]
Event: 9.803 Thread 0x000002167b70c800 2116       3       sun.invoke.util.Wrapper::isIntegral (23 bytes)

GC Heap History (6 events):
Event: 2.432 GC heap before
{Heap before GC invocations=0 (full 0):
 garbage-first heap   total 129024K, used 29696K [0x0000000080000000, 0x0000000100000000)
  region size 1024K, 24 young (24576K), 0 survivors (0K)
 Metaspace       used 10131K, capacity 10333K, committed 10624K, reserved 1058816K
  class space    used 1034K, capacity 1108K, committed 1152K, reserved 1048576K
}
Event: 2.443 GC heap after
{Heap after GC invocations=1 (full 0):
 garbage-first heap   total 129024K, used 9254K [0x0000000080000000, 0x0000000100000000)
  region size 1024K, 3 young (3072K), 3 survivors (3072K)
 Metaspace       used 10131K, capacity 10333K, committed 10624K, reserved 1058816K
  class space    used 1034K, capacity 1108K, committed 1152K, reserved 1048576K
}
Event: 7.591 GC heap before
{Heap before GC invocations=1 (full 0):
 garbage-first heap   total 129024K, used 84006K [0x0000000080000000, 0x0000000100000000)
  region size 1024K, 75 young (76800K), 3 survivors (3072K)
 Metaspace       used 18177K, capacity 18568K, committed 18688K, reserved 1064960K
  class space    used 2132K, capacity 2281K, committed 2304K, reserved 1048576K
}
Event: 7.611 GC heap after
{Heap after GC invocations=2 (full 0):
 garbage-first heap   total 129024K, used 15983K [0x0000000080000000, 0x0000000100000000)
  region size 1024K, 10 young (10240K), 10 survivors (10240K)
 Metaspace       used 18177K, capacity 18568K, committed 18688K, reserved 1064960K
  class space    used 2132K, capacity 2281K, committed 2304K, reserved 1048576K
}
Event: 8.427 GC heap before
{Heap before GC invocations=2 (full 0):
 garbage-first heap   total 129024K, used 39535K [0x0000000080000000, 0x0000000100000000)
  region size 1024K, 34 young (34816K), 10 survivors (10240K)
 Metaspace       used 20819K, capacity 21193K, committed 21296K, reserved 1069056K
  class space    used 2528K, capacity 2687K, committed 2688K, reserved 1048576K
}
Event: 8.447 GC heap after
{Heap after GC invocations=3 (full 0):
 garbage-first heap   total 129024K, used 17174K [0x0000000080000000, 0x0000000100000000)
  region size 1024K, 2 young (2048K), 2 survivors (2048K)
 Metaspace       used 20819K, capacity 21193K, committed 21296K, reserved 1069056K
  class space    used 2528K, capacity 2687K, committed 2688K, reserved 1048576K
}

Deoptimization events (20 events):
Event: 7.949 Thread 0x000002167bba7800 DEOPT PACKING pc=0x000002166c01d65c sp=0x000000d8d91fc990
Event: 7.949 Thread 0x000002167bba7800 DEOPT UNPACKING pc=0x000002166452a1af sp=0x000000d8d91fc960 mode 2
Event: 7.949 Thread 0x000002167bba7800 Uncommon trap: trap_request=0xffffff4d fr.pc=0x000002166c01e034 relative=0x0000000000000474
Event: 7.949 Thread 0x000002167bba7800 Uncommon trap: reason=unstable_if action=reinterpret pc=0x000002166c01e034 method=java.lang.String.substring(I)Ljava/lang/String; @ 34 c2
Event: 7.949 Thread 0x000002167bba7800 DEOPT PACKING pc=0x000002166c01e034 sp=0x000000d8d91fc910
Event: 7.949 Thread 0x000002167bba7800 DEOPT UNPACKING pc=0x000002166452a1af sp=0x000000d8d91fc8e8 mode 2
Event: 8.241 Thread 0x000002167bba7800 Uncommon trap: trap_request=0xffffffcc fr.pc=0x000002166c087a78 relative=0x00000000000002b8
Event: 8.241 Thread 0x000002167bba7800 Uncommon trap: reason=intrinsic_or_type_checked_inlining action=make_not_entrant pc=0x000002166c087a78 method=java.util.Arrays.copyOf([Ljava/lang/Object;ILjava/lang/Class;)[Ljava/lang/Object; @ 35 c2
Event: 8.241 Thread 0x000002167bba7800 DEOPT PACKING pc=0x000002166c087a78 sp=0x000000d8d91fd280
Event: 8.241 Thread 0x000002167bba7800 DEOPT UNPACKING pc=0x000002166452a1af sp=0x000000d8d91fd228 mode 2
Event: 8.426 Thread 0x000002167bba7800 DEOPT PACKING pc=0x0000021664b3934c sp=0x000000d8d91f8150
Event: 8.426 Thread 0x000002167bba7800 DEOPT UNPACKING pc=0x000002166452a95e sp=0x000000d8d91f76f0 mode 0
Event: 8.850 Thread 0x000002167bba7800 Uncommon trap: trap_request=0xffffff4d fr.pc=0x000002166c083818 relative=0x0000000000000398
Event: 8.851 Thread 0x000002167bba7800 Uncommon trap: reason=unstable_if action=reinterpret pc=0x000002166c083818 method=jdk.internal.org.objectweb.asm.Type.getArgumentsAndReturnSizes(Ljava/lang/String;)I @ 88 c2
Event: 8.851 Thread 0x000002167bba7800 DEOPT PACKING pc=0x000002166c083818 sp=0x000000d8d91f93a0
Event: 8.851 Thread 0x000002167bba7800 DEOPT UNPACKING pc=0x000002166452a1af sp=0x000000d8d91f9328 mode 2
Event: 9.642 Thread 0x000002167bba7800 Uncommon trap: trap_request=0xffffff4d fr.pc=0x000002166c049c68 relative=0x0000000000000228
Event: 9.643 Thread 0x000002167bba7800 Uncommon trap: reason=unstable_if action=reinterpret pc=0x000002166c049c68 method=java.util.concurrent.ConcurrentHashMap.get(Ljava/lang/Object;)Ljava/lang/Object; @ 76 c2
Event: 9.643 Thread 0x000002167bba7800 DEOPT PACKING pc=0x000002166c049c68 sp=0x000000d8d91f8680
Event: 9.643 Thread 0x000002167bba7800 DEOPT UNPACKING pc=0x000002166452a1af sp=0x000000d8d91f85e8 mode 2

Classes redefined (0 events):
No events

Internal exceptions (20 events):
Event: 3.546 Thread 0x00000216609bc800 Exception <a 'java/security/PrivilegedActionException'{0x0000000085c7f600}> (0x0000000085c7f600) thrown at [src/hotspot/share/prims/jvm.cpp, line 1306]
Event: 3.546 Thread 0x00000216609bc800 Exception <a 'java/security/PrivilegedActionException'{0x0000000085c7fb78}> (0x0000000085c7fb78) thrown at [src/hotspot/share/prims/jvm.cpp, line 1306]
Event: 4.117 Thread 0x00000216609bc800 Exception <a 'java/lang/NoSuchMethodError'{0x0000000084b79358}: 'java.lang.Object java.lang.invoke.DirectMethodHandle$Holder.invokeStaticInit(java.lang.Object, java.lang.Object, java.lang.Object)'> (0x0000000084b79358) thrown at [src/hotspot/share/interpreter/linkResolver.cpp, line 773]
Event: 4.483 Thread 0x00000216609bc800 Exception <a 'java/lang/NoSuchMethodError'{0x0000000084414910}: 'java.lang.Object java.lang.invoke.DirectMethodHandle$Holder.invokeStaticInit(java.lang.Object, int, int, int, int)'> (0x0000000084414910) thrown at [src/hotspot/share/interpreter/linkResolver.cpp, line 773]
Event: 5.245 Thread 0x00000216609bc800 Exception <a 'java/lang/NoSuchMethodError'{0x000000008444c418}: 'java.lang.Object java.lang.invoke.DirectMethodHandle$Holder.invokeStaticInit(java.lang.Object, java.lang.Object, int, int, int, int)'> (0x000000008444c418) thrown at [src/hotspot/share/interpreter/linkResolver.cpp, line 773]
Event: 6.795 Thread 0x00000216609bc800 Exception <a 'java/io/IOException'{0x0000000084231720}> (0x0000000084231720) thrown at [src/hotspot/share/prims/jni.cpp, line 617]
Event: 7.338 Thread 0x000002167bba7800 Exception <a 'java/lang/NoSuchMethodError'{0x0000000083b09bb8}: 'long java.lang.invoke.DirectMethodHandle$Holder.invokeInterface(java.lang.Object, java.lang.Object)'> (0x0000000083b09bb8) thrown at [src/hotspot/share/interpreter/linkResolver.cpp, line 773]
Event: 7.340 Thread 0x000002167bba7800 Exception <a 'java/lang/NoSuchMethodError'{0x0000000083b16c58}: 'void java.lang.invoke.DelegatingMethodHandle$Holder.reinvoke_L(java.lang.Object, java.lang.Object, java.lang.Object, java.lang.Object, java.lang.Object, java.lang.Object, java.lang.Object)'> (0x0000000083b16c58) thrown at [src/hotspot/share/interpreter/linkResolver.cpp, line 773]
Event: 7.562 Thread 0x000002167bba7800 Exception <a 'java/lang/NoSuchMethodError'{0x00000000833261b8}: 'void java.lang.invoke.DirectMethodHandle$Holder.invokeStaticInit(java.lang.Object)'> (0x00000000833261b8) thrown at [src/hotspot/share/interpreter/linkResolver.cpp, line 773]
Event: 7.615 Thread 0x000002167bba7800 Exception <a 'java/lang/NoSuchMethodError'{0x0000000087d0bdd0}: 'java.lang.Object java.lang.invoke.DirectMethodHandle$Holder.invokeStatic(java.lang.Object, java.lang.Object, java.lang.Object, int)'> (0x0000000087d0bdd0) thrown at [src/hotspot/share/interpreter/linkResolver.cpp, line 773]
Event: 7.616 Thread 0x000002167bba7800 Exception <a 'java/lang/NoSuchMethodError'{0x0000000087d0ff98}: 'java.lang.Object java.lang.invoke.DirectMethodHandle$Holder.invokeSpecial(java.lang.Object, java.lang.Object, java.lang.Object, java.lang.Object, int)'> (0x0000000087d0ff98) thrown at [src/hotspot/share/interpreter/linkResolver.cpp, line 773]
Event: 7.616 Thread 0x000002167bba7800 Exception <a 'java/lang/NoSuchMethodError'{0x0000000087d13980}: 'java.lang.Object java.lang.invoke.Invokers$Holder.linkToTargetMethod(java.lang.Object, java.lang.Object, int, java.lang.Object)'> (0x0000000087d13980) thrown at [src/hotspot/share/interpreter/linkResolver.cpp, line 773]
Event: 8.056 Thread 0x000002167bba7800 Exception <a 'java/lang/NoSuchMethodError'{0x000000008741c760}: 'java.lang.Object java.lang.invoke.Invokers$Holder.linkToTargetMethod(java.lang.Object, java.lang.Object, java.lang.Object, java.lang.Object, java.lang.Object, java.lang.Object)'> (0x000000008741c760) thrown at [src/hotspot/share/interpreter/linkResolver.cpp, line 773]
Event: 8.567 Thread 0x000002167bba7800 Exception <a 'java/lang/NoSuchMethodError'{0x0000000087de0300}: 'int java.lang.invoke.DirectMethodHandle$Holder.invokeSpecialIFC(java.lang.Object, java.lang.Object, java.lang.Object, java.lang.Object)'> (0x0000000087de0300) thrown at [src/hotspot/share/interpreter/linkResolver.cpp, line 773]
Event: 8.582 Thread 0x000002167bba7800 Exception <a 'java/lang/NoSuchMethodError'{0x0000000087dee2b8}: 'java.lang.Object java.lang.invoke.DirectMethodHandle$Holder.invokeInterface(java.lang.Object, java.lang.Object, java.lang.Object)'> (0x0000000087dee2b8) thrown at [src/hotspot/share/interpreter/linkResolver.cpp, line 773]
Event: 8.582 Thread 0x000002167bba7800 Exception <a 'java/lang/IncompatibleClassChangeError'{0x0000000087df1790}: Found class java.lang.Object, but interface was expected> (0x0000000087df1790) thrown at [src/hotspot/share/interpreter/linkResolver.cpp, line 839]
Event: 9.190 Thread 0x000002167bba7800 Exception <a 'java/lang/NoSuchMethodError'{0x00000000875a0d30}: 'void java.lang.invoke.DirectMethodHandle$Holder.invokeSpecial(java.lang.Object, java.lang.Object, java.lang.Object, java.lang.Object, java.lang.Object)'> (0x00000000875a0d30) thrown at [src/hotspot/share/interpreter/linkResolver.cpp, line 773]
Event: 9.251 Thread 0x000002167bba7800 Exception <a 'java/lang/NoSuchMethodError'{0x000000008720a550}: 'java.lang.Object java.lang.invoke.DirectMethodHandle$Holder.invokeSpecial(java.lang.Object, java.lang.Object, java.lang.Object, java.lang.Object, java.lang.Object, java.lang.Object, java.lang.Object, java.lang.Object, java.lang.Object)'> (0x000000008720a550) thrown at [src/hotspot/share/interpreter/linkResolver.cpp, line 773]
Event: 9.402 Thread 0x000002167bba7800 Exception <a 'java/lang/NoSuchMethodError'{0x00000000869fc338}: 'java.lang.Object java.lang.invoke.DirectMethodHandle$Holder.invokeVirtual(java.lang.Object, java.lang.Object, java.lang.Object, java.lang.Object)'> (0x00000000869fc338) thrown at [src/hotspot/share/interpreter/linkResolver.cpp, line 773]
Event: 9.798 Thread 0x000002167bba7800 Exception <a 'java/lang/NoSuchMethodError'{0x0000000086096648}: 'void java.lang.invoke.DirectMethodHandle$Holder.invokeSpecial(java.lang.Object, java.lang.Object, java.lang.Object, java.lang.Object, java.lang.Object, java.lang.Object)'> (0x0000000086096648) thrown at [src/hotspot/share/interpreter/linkResolver.cpp, line 773]

Events (20 events):
Event: 9.796 loading class org/gradle/internal/instantiation/generator/AsmBackedClassGenerator$ClassBuilderImpl$5
Event: 9.796 loading class org/gradle/internal/instantiation/generator/AsmBackedClassGenerator$ClassBuilderImpl$5 done
Event: 9.797 loading class org/objectweb/asm/MethodVisitor
Event: 9.797 loading class org/objectweb/asm/MethodVisitor done
Event: 9.797 loading class org/gradle/internal/instantiation/generator/AsmBackedClassGenerator$ClassBuilderImpl
Event: 9.797 loading class org/gradle/internal/instantiation/generator/AsmBackedClassGenerator$ClassBuilderImpl done
Event: 9.798 loading class org/objectweb/asm/Type
Event: 9.798 loading class org/objectweb/asm/Type done
Event: 9.798 Executing VM operation: RevokeBias
Event: 9.799 Executing VM operation: RevokeBias done
Event: 9.799 loading class org/gradle/internal/instantiation/generator/AsmBackedClassGenerator$ClassBuilderImpl
Event: 9.799 loading class org/gradle/internal/instantiation/generator/AsmBackedClassGenerator$ClassBuilderImpl done
Event: 9.799 loading class org/gradle/internal/instantiation/generator/AsmBackedClassGenerator$ClassBuilderImpl$13
Event: 9.799 loading class org/gradle/internal/instantiation/generator/AsmBackedClassGenerator$ClassBuilderImpl$13 done
Event: 9.800 loading class org/gradle/internal/instantiation/generator/AsmBackedClassGenerator$ClassBuilderImpl$8
Event: 9.800 loading class org/gradle/internal/instantiation/generator/AsmBackedClassGenerator$ClassBuilderImpl$8 done
Event: 9.801 loading class org/gradle/internal/instantiation/generator/AbstractClassGenerator$MethodMetadata
Event: 9.801 loading class org/gradle/internal/instantiation/generator/AbstractClassGenerator$MethodMetadata done
Event: 9.802 loading class org/gradle/internal/instantiation/generator/AsmBackedClassGenerator$ClassBuilderImpl
Event: 9.802 loading class org/gradle/internal/instantiation/generator/AsmBackedClassGenerator$ClassBuilderImpl done


Dynamic libraries:
0x00007ff649810000 - 0x00007ff64981a000 	C:\Program Files\Android\Android Studio1\jbr\bin\java.exe
0x00007ffeff9b0000 - 0x00007ffeffbc4000 	C:\WINDOWS\SYSTEM32\ntdll.dll
0x00007ffefe130000 - 0x00007ffefe1f2000 	C:\WINDOWS\System32\KERNEL32.DLL
0x00007ffefd170000 - 0x00007ffefd50c000 	C:\WINDOWS\System32\KERNELBASE.dll
0x00007ffefcf90000 - 0x00007ffefd0a1000 	C:\WINDOWS\System32\ucrtbase.dll
0x00007ffee6be0000 - 0x00007ffee6bfb000 	C:\Program Files\Android\Android Studio1\jbr\bin\VCRUNTIME140.dll
0x00007ffee2460000 - 0x00007ffee2477000 	C:\Program Files\Android\Android Studio1\jbr\bin\jli.dll
0x00007ffefddd0000 - 0x00007ffefdf7b000 	C:\WINDOWS\System32\USER32.dll
0x00007ffefcf60000 - 0x00007ffefcf86000 	C:\WINDOWS\System32\win32u.dll
0x00007ffed7b10000 - 0x00007ffed7d9e000 	C:\WINDOWS\WinSxS\amd64_microsoft.windows.common-controls_6595b64144ccf1df_6.0.22621.608_none_a9444ca7c10bb01d\COMCTL32.dll
0x00007ffeff550000 - 0x00007ffeff579000 	C:\WINDOWS\System32\GDI32.dll
0x00007ffefd600000 - 0x00007ffefd713000 	C:\WINDOWS\System32\gdi32full.dll
0x00007ffefd720000 - 0x00007ffefd7ba000 	C:\WINDOWS\System32\msvcp_win.dll
0x00007ffeff100000 - 0x00007ffeff1a7000 	C:\WINDOWS\System32\msvcrt.dll
0x00007ffeff6a0000 - 0x00007ffeff6d1000 	C:\WINDOWS\System32\IMM32.DLL
0x00007ffeede10000 - 0x00007ffeede1c000 	C:\Program Files\Android\Android Studio1\jbr\bin\vcruntime140_1.dll
0x00007ffecc990000 - 0x00007ffecca1d000 	C:\Program Files\Android\Android Studio1\jbr\bin\msvcp140.dll
0x00007ffe73ce0000 - 0x00007ffe7489c000 	C:\Program Files\Android\Android Studio1\jbr\bin\server\jvm.dll
0x00007ffeff580000 - 0x00007ffeff62e000 	C:\WINDOWS\System32\ADVAPI32.dll
0x00007ffeff370000 - 0x00007ffeff414000 	C:\WINDOWS\System32\sechost.dll
0x00007ffeff420000 - 0x00007ffeff537000 	C:\WINDOWS\System32\RPCRT4.dll
0x00007ffefdf80000 - 0x00007ffefdf88000 	C:\WINDOWS\System32\PSAPI.DLL
0x00007ffef9ae0000 - 0x00007ffef9ae9000 	C:\WINDOWS\SYSTEM32\WSOCK32.dll
0x00007ffef24d0000 - 0x00007ffef2504000 	C:\WINDOWS\SYSTEM32\WINMM.dll
0x00007ffef2730000 - 0x00007ffef273a000 	C:\WINDOWS\SYSTEM32\VERSION.dll
0x00007ffeff000000 - 0x00007ffeff071000 	C:\WINDOWS\System32\WS2_32.dll
0x00007ffefbe40000 - 0x00007ffefbe58000 	C:\WINDOWS\SYSTEM32\kernel.appcore.dll
0x00007ffee6b30000 - 0x00007ffee6b40000 	C:\Program Files\Android\Android Studio1\jbr\bin\verify.dll
0x00007ffefa630000 - 0x00007ffefa85e000 	C:\WINDOWS\SYSTEM32\DBGHELP.DLL
0x00007ffefe390000 - 0x00007ffefe719000 	C:\WINDOWS\System32\combase.dll
0x00007ffefe2b0000 - 0x00007ffefe387000 	C:\WINDOWS\System32\OLEAUT32.dll
0x00007ffeedf20000 - 0x00007ffeedf52000 	C:\WINDOWS\SYSTEM32\dbgcore.DLL
0x00007ffefd510000 - 0x00007ffefd58b000 	C:\WINDOWS\System32\bcryptPrimitives.dll
0x00007ffee22f0000 - 0x00007ffee2318000 	C:\Program Files\Android\Android Studio1\jbr\bin\java.dll
0x00007ffee6b00000 - 0x00007ffee6b0a000 	C:\Program Files\Android\Android Studio1\jbr\bin\jimage.dll
0x00007ffee5eb0000 - 0x00007ffee5ec8000 	C:\Program Files\Android\Android Studio1\jbr\bin\zip.dll
0x00007ffefe720000 - 0x00007ffefef10000 	C:\WINDOWS\System32\SHELL32.dll
0x00007ffefac90000 - 0x00007ffefb55d000 	C:\WINDOWS\SYSTEM32\windows.storage.dll
0x00007ffefb5a0000 - 0x00007ffefb6de000 	C:\WINDOWS\SYSTEM32\wintypes.dll
0x00007ffeff740000 - 0x00007ffeff831000 	C:\WINDOWS\System32\SHCORE.dll
0x00007ffefef70000 - 0x00007ffefefce000 	C:\WINDOWS\System32\shlwapi.dll
0x00007ffefcd20000 - 0x00007ffefcd41000 	C:\WINDOWS\SYSTEM32\profapi.dll
0x00007ffee2270000 - 0x00007ffee2289000 	C:\Program Files\Android\Android Studio1\jbr\bin\net.dll
0x00007ffef1f40000 - 0x00007ffef2077000 	C:\WINDOWS\SYSTEM32\WINHTTP.dll
0x00007ffefc2b0000 - 0x00007ffefc319000 	C:\WINDOWS\system32\mswsock.dll
0x00007ffee2250000 - 0x00007ffee2263000 	C:\Program Files\Android\Android Studio1\jbr\bin\nio.dll
0x00007ffee23f0000 - 0x00007ffee2417000 	C:\Users\lebol\.gradle\native\e1d6ef7f7dcc3fd88c89a11ec53ec762bb8ba0a96d01ffa2cd45eb1d1d8dd5c5\windows-amd64\native-platform.dll
0x00007ffeace40000 - 0x00007ffeacf84000 	C:\Users\lebol\.gradle\native\0d407fdbe67a94daf76414ababcb853783967236a71b16ec16e742cd7a986fd3\windows-amd64\native-platform-file-events.dll
0x00007ffee6880000 - 0x00007ffee688a000 	C:\Program Files\Android\Android Studio1\jbr\bin\management.dll
0x00007ffee6250000 - 0x00007ffee625b000 	C:\Program Files\Android\Android Studio1\jbr\bin\management_ext.dll
0x00007ffefc520000 - 0x00007ffefc53b000 	C:\WINDOWS\SYSTEM32\CRYPTSP.dll
0x00007ffefbdb0000 - 0x00007ffefbde5000 	C:\WINDOWS\system32\rsaenh.dll
0x00007ffefc3b0000 - 0x00007ffefc3d8000 	C:\WINDOWS\SYSTEM32\USERENV.dll
0x00007ffefc6d0000 - 0x00007ffefc6f8000 	C:\WINDOWS\SYSTEM32\bcrypt.dll
0x00007ffefc510000 - 0x00007ffefc51c000 	C:\WINDOWS\SYSTEM32\CRYPTBASE.dll
0x00007ffefb960000 - 0x00007ffefb98d000 	C:\WINDOWS\SYSTEM32\IPHLPAPI.DLL
0x00007ffefeff0000 - 0x00007ffefeff9000 	C:\WINDOWS\System32\NSI.dll
0x00007ffef15f0000 - 0x00007ffef1609000 	C:\WINDOWS\SYSTEM32\dhcpcsvc6.DLL
0x00007ffef15d0000 - 0x00007ffef15ef000 	C:\WINDOWS\SYSTEM32\dhcpcsvc.DLL
0x00007ffefb9e0000 - 0x00007ffefbad3000 	C:\WINDOWS\SYSTEM32\DNSAPI.dll

dbghelp: loaded successfully - version: 4.0.5 - missing functions: none
symbol engine: initialized successfully - sym options: 0x614 - pdb path: .;C:\Program Files\Android\Android Studio1\jbr\bin;C:\WINDOWS\SYSTEM32;C:\WINDOWS\WinSxS\amd64_microsoft.windows.common-controls_6595b64144ccf1df_6.0.22621.608_none_a9444ca7c10bb01d;C:\Program Files\Android\Android Studio1\jbr\bin\server;C:\Users\lebol\.gradle\native\e1d6ef7f7dcc3fd88c89a11ec53ec762bb8ba0a96d01ffa2cd45eb1d1d8dd5c5\windows-amd64;C:\Users\lebol\.gradle\native\0d407fdbe67a94daf76414ababcb853783967236a71b16ec16e742cd7a986fd3\windows-amd64

VM Arguments:
jvm_args: --add-opens=java.base/java.util=ALL-UNNAMED --add-opens=java.base/java.lang=ALL-UNNAMED --add-opens=java.base/java.lang.invoke=ALL-UNNAMED --add-opens=java.base/java.util=ALL-UNNAMED --add-opens=java.prefs/java.util.prefs=ALL-UNNAMED --add-opens=java.prefs/java.util.prefs=ALL-UNNAMED --add-opens=java.base/java.nio.charset=ALL-UNNAMED --add-opens=java.base/java.net=ALL-UNNAMED --add-opens=java.base/java.util.concurrent.atomic=ALL-UNNAMED -Xmx2048m -Dfile.encoding=UTF-8 -Duser.country=ZA -Duser.language=en -Duser.variant 
java_command: org.gradle.launcher.daemon.bootstrap.GradleDaemon 7.5
java_class_path (initial): C:\Users\lebol\.gradle\wrapper\dists\gradle-7.5-bin\f1w0cc9nuo0eivz97x2xlu9sv\gradle-7.5\lib\gradle-launcher-7.5.jar
Launcher Type: SUN_STANDARD

[Global flags]
     intx CICompilerCount                          = 4                                         {product} {ergonomic}
     uint ConcGCThreads                            = 2                                         {product} {ergonomic}
     uint G1ConcRefinementThreads                  = 8                                         {product} {ergonomic}
   size_t G1HeapRegionSize                         = 1048576                                   {product} {ergonomic}
    uintx GCDrainStackTargetSize                   = 64                                        {product} {ergonomic}
   size_t InitialHeapSize                          = 132120576                                 {product} {ergonomic}
   size_t MarkStackSize                            = 4194304                                   {product} {ergonomic}
   size_t MaxHeapSize                              = 2147483648                                {product} {command line}
   size_t MaxNewSize                               = 1287651328                                {product} {ergonomic}
   size_t MinHeapDeltaBytes                        = 1048576                                   {product} {ergonomic}
    uintx NonNMethodCodeHeapSize                   = 5836300                                {pd product} {ergonomic}
    uintx NonProfiledCodeHeapSize                  = 122910970                              {pd product} {ergonomic}
    uintx ProfiledCodeHeapSize                     = 122910970                              {pd product} {ergonomic}
    uintx ReservedCodeCacheSize                    = 251658240                              {pd product} {ergonomic}
     bool SegmentedCodeCache                       = true                                      {product} {ergonomic}
     bool UseCompressedClassPointers               = true                                 {lp64_product} {ergonomic}
     bool UseCompressedOops                        = true                                 {lp64_product} {ergonomic}
     bool UseG1GC                                  = true                                      {product} {ergonomic}
     bool UseLargePagesIndividualAllocation        = false                                  {pd product} {ergonomic}

Logging:
Log output configuration:
 #0: stdout all=warning uptime,level,tags
 #1: stderr all=off uptime,level,tags

Environment Variables:
PATH=C:\WINDOWS\system32;C:\WINDOWS;C:\WINDOWS\System32\Wbem;C:\WINDOWS\System32\WindowsPowerShell\v1.0\;C:\WINDOWS\System32\OpenSSH\;C:\Users\lebol\AppData\Local\Microsoft\WindowsApps;
USERNAME=lebol
OS=Windows_NT
PROCESSOR_IDENTIFIER=Intel64 Family 6 Model 142 Stepping 10, GenuineIntel



---------------  S Y S T E M  ---------------

OS: Windows 11 , 64 bit Build 22621 (10.0.22621.1485)
OS uptime: 7 days 19:13 hours

CPU:total 8 (initial active 8) (4 cores per cpu, 2 threads per core) family 6 model 142 stepping 10 microcode 0xf0, cmov, cx8, fxsr, mmx, sse, sse2, sse3, ssse3, sse4.1, sse4.2, popcnt, avx, avx2, aes, clmul, erms, 3dnowpref, lzcnt, ht, tsc, tscinvbit, bmi1, bmi2, adx, fma

Memory: 4k page, system-wide physical 8035M (16M free)
TotalPageFile size 23180M (AvailPageFile size 3M)
current process WorkingSet (physical memory assigned to process): 196M, peak: 196M
current process commit charge ("private bytes"): 262M, peak: 263M

vm_info: OpenJDK 64-Bit Server VM (11.0.15+0-b2043.56-9505619) for windows-amd64 JRE (11.0.15+0-b2043.56-9505619), built on Jan 19 2023 02:48:00 by "builduser" with unknown MS VC++:1929

END.
